[0.007s] Invoking command in '/home/robotik/Desktop/kuka_ws/build/kuka_kr6_description': CMAKE_PREFIX_PATH=${CMAKE_PREFIX_PATH}:/opt/ros/jazzy DEBUGINFOD_URLS=https://debuginfod.ubuntu.com /usr/bin/cmake /home/robotik/Desktop/kuka_ws/src/kuka_kr6_description -DCMAKE_INSTALL_PREFIX=/home/robotik/Desktop/kuka_ws/install/kuka_kr6_description
[0.043s] -- The C compiler identification is GNU 13.3.0
[0.079s] -- The CXX compiler identification is GNU 13.3.0
[0.090s] -- Detecting C compiler ABI info
[0.146s] -- Detecting C compiler ABI info - done
[0.153s] -- Check for working C compiler: /usr/bin/cc - skipped
[0.153s] -- Detecting C compile features
[0.153s] -- Detecting C compile features - done
[0.160s] -- Detecting CXX compiler ABI info
[0.224s] -- Detecting CXX compiler ABI info - done
[0.230s] -- Check for working CXX compiler: /usr/bin/c++ - skipped
[0.230s] -- Detecting CXX compile features
[0.231s] -- Detecting CXX compile features - done
[0.234s] -- Found ament_cmake: 2.5.4 (/opt/ros/jazzy/share/ament_cmake/cmake)
[0.333s] -- Found Python3: /usr/bin/python3 (found version "3.12.3") found components: Interpreter 
[0.467s] -- Configuring done (0.5s)
[0.469s] -- Generating done (0.0s)
[0.470s] -- Build files have been written to: /home/robotik/Desktop/kuka_ws/build/kuka_kr6_description
[0.474s] Invoked command in '/home/robotik/Desktop/kuka_ws/build/kuka_kr6_description' returned '0': CMAKE_PREFIX_PATH=${CMAKE_PREFIX_PATH}:/opt/ros/jazzy DEBUGINFOD_URLS=https://debuginfod.ubuntu.com /usr/bin/cmake /home/robotik/Desktop/kuka_ws/src/kuka_kr6_description -DCMAKE_INSTALL_PREFIX=/home/robotik/Desktop/kuka_ws/install/kuka_kr6_description
[0.475s] Invoking command in '/home/robotik/Desktop/kuka_ws/build/kuka_kr6_description': CMAKE_PREFIX_PATH=${CMAKE_PREFIX_PATH}:/opt/ros/jazzy DEBUGINFOD_URLS=https://debuginfod.ubuntu.com /usr/bin/cmake --build /home/robotik/Desktop/kuka_ws/build/kuka_kr6_description -- -j16 -l16
[0.504s] Invoked command in '/home/robotik/Desktop/kuka_ws/build/kuka_kr6_description' returned '0': CMAKE_PREFIX_PATH=${CMAKE_PREFIX_PATH}:/opt/ros/jazzy DEBUGINFOD_URLS=https://debuginfod.ubuntu.com /usr/bin/cmake --build /home/robotik/Desktop/kuka_ws/build/kuka_kr6_description -- -j16 -l16
[0.511s] Invoking command in '/home/robotik/Desktop/kuka_ws/build/kuka_kr6_description': CMAKE_PREFIX_PATH=${CMAKE_PREFIX_PATH}:/opt/ros/jazzy DEBUGINFOD_URLS=https://debuginfod.ubuntu.com /usr/bin/cmake --install /home/robotik/Desktop/kuka_ws/build/kuka_kr6_description
[0.516s] -- Install configuration: ""
[0.516s] -- Installing: /home/robotik/Desktop/kuka_ws/install/kuka_kr6_description/share/kuka_kr6_description/urdf
[0.516s] -- Installing: /home/robotik/Desktop/kuka_ws/install/kuka_kr6_description/share/kuka_kr6_description/urdf/kuka_kr6.urdf.xacro
[0.516s] -- Installing: /home/robotik/Desktop/kuka_ws/install/kuka_kr6_description/share/kuka_kr6_description/urdf/kuka_kr6.ros2_control.xacro
[0.516s] -- Installing: /home/robotik/Desktop/kuka_ws/install/kuka_kr6_description/share/kuka_kr6_description/meshes
[0.516s] -- Installing: /home/robotik/Desktop/kuka_ws/install/kuka_kr6_description/share/kuka_kr6_description/meshes/collision
[0.516s] -- Installing: /home/robotik/Desktop/kuka_ws/install/kuka_kr6_description/share/kuka_kr6_description/meshes/collision/link_6.stl
[0.516s] -- Installing: /home/robotik/Desktop/kuka_ws/install/kuka_kr6_description/share/kuka_kr6_description/meshes/collision/link_1.stl
[0.516s] -- Installing: /home/robotik/Desktop/kuka_ws/install/kuka_kr6_description/share/kuka_kr6_description/meshes/collision/link_2.stl
[0.517s] -- Installing: /home/robotik/Desktop/kuka_ws/install/kuka_kr6_description/share/kuka_kr6_description/meshes/collision/link_5.stl
[0.517s] -- Installing: /home/robotik/Desktop/kuka_ws/install/kuka_kr6_description/share/kuka_kr6_description/meshes/collision/link_4.stl
[0.517s] -- Installing: /home/robotik/Desktop/kuka_ws/install/kuka_kr6_description/share/kuka_kr6_description/meshes/collision/link_3.stl
[0.517s] -- Installing: /home/robotik/Desktop/kuka_ws/install/kuka_kr6_description/share/kuka_kr6_description/meshes/collision/base_link.stl
[0.517s] -- Installing: /home/robotik/Desktop/kuka_ws/install/kuka_kr6_description/share/kuka_kr6_description/meshes/visual
[0.517s] -- Installing: /home/robotik/Desktop/kuka_ws/install/kuka_kr6_description/share/kuka_kr6_description/meshes/visual/link_3.dae
[0.517s] -- Installing: /home/robotik/Desktop/kuka_ws/install/kuka_kr6_description/share/kuka_kr6_description/meshes/visual/link_1.dae
[0.517s] -- Installing: /home/robotik/Desktop/kuka_ws/install/kuka_kr6_description/share/kuka_kr6_description/meshes/visual/link_4.dae
[0.518s] -- Installing: /home/robotik/Desktop/kuka_ws/install/kuka_kr6_description/share/kuka_kr6_description/meshes/visual/link_2.dae
[0.518s] -- Installing: /home/robotik/Desktop/kuka_ws/install/kuka_kr6_description/share/kuka_kr6_description/meshes/visual/link_6.dae
[0.518s] -- Installing: /home/robotik/Desktop/kuka_ws/install/kuka_kr6_description/share/kuka_kr6_description/meshes/visual/link_5.dae
[0.518s] -- Installing: /home/robotik/Desktop/kuka_ws/install/kuka_kr6_description/share/kuka_kr6_description/meshes/visual/base_link.dae
[0.519s] -- Installing: /home/robotik/Desktop/kuka_ws/install/kuka_kr6_description/share/kuka_kr6_description/config
[0.519s] -- Installing: /home/robotik/Desktop/kuka_ws/install/kuka_kr6_description/share/kuka_kr6_description/config/ros2_controllers.yaml
[0.519s] -- Installing: /home/robotik/Desktop/kuka_ws/install/kuka_kr6_description/share/kuka_kr6_description/launch
[0.519s] -- Installing: /home/robotik/Desktop/kuka_ws/install/kuka_kr6_description/share/kuka_kr6_description/launch/display.launch.py
[0.519s] -- Installing: /home/robotik/Desktop/kuka_ws/install/kuka_kr6_description/share/kuka_kr6_description/rviz
[0.519s] -- Installing: /home/robotik/Desktop/kuka_ws/install/kuka_kr6_description/share/kuka_kr6_description/rviz/display.rviz
[0.519s] -- Installing: /home/robotik/Desktop/kuka_ws/install/kuka_kr6_description/share/ament_index/resource_index/package_run_dependencies/kuka_kr6_description
[0.519s] -- Installing: /home/robotik/Desktop/kuka_ws/install/kuka_kr6_description/share/ament_index/resource_index/parent_prefix_path/kuka_kr6_description
[0.519s] -- Installing: /home/robotik/Desktop/kuka_ws/install/kuka_kr6_description/share/kuka_kr6_description/environment/ament_prefix_path.sh
[0.519s] -- Installing: /home/robotik/Desktop/kuka_ws/install/kuka_kr6_description/share/kuka_kr6_description/environment/ament_prefix_path.dsv
[0.520s] -- Installing: /home/robotik/Desktop/kuka_ws/install/kuka_kr6_description/share/kuka_kr6_description/environment/path.sh
[0.520s] -- Installing: /home/robotik/Desktop/kuka_ws/install/kuka_kr6_description/share/kuka_kr6_description/environment/path.dsv
[0.520s] -- Installing: /home/robotik/Desktop/kuka_ws/install/kuka_kr6_description/share/kuka_kr6_description/local_setup.bash
[0.520s] -- Installing: /home/robotik/Desktop/kuka_ws/install/kuka_kr6_description/share/kuka_kr6_description/local_setup.sh
[0.520s] -- Installing: /home/robotik/Desktop/kuka_ws/install/kuka_kr6_description/share/kuka_kr6_description/local_setup.zsh
[0.520s] -- Installing: /home/robotik/Desktop/kuka_ws/install/kuka_kr6_description/share/kuka_kr6_description/local_setup.dsv
[0.520s] -- Installing: /home/robotik/Desktop/kuka_ws/install/kuka_kr6_description/share/kuka_kr6_description/package.dsv
[0.520s] -- Installing: /home/robotik/Desktop/kuka_ws/install/kuka_kr6_description/share/ament_index/resource_index/packages/kuka_kr6_description
[0.520s] -- Installing: /home/robotik/Desktop/kuka_ws/install/kuka_kr6_description/share/kuka_kr6_description/cmake/kuka_kr6_descriptionConfig.cmake
[0.520s] -- Installing: /home/robotik/Desktop/kuka_ws/install/kuka_kr6_description/share/kuka_kr6_description/cmake/kuka_kr6_descriptionConfig-version.cmake
[0.520s] -- Installing: /home/robotik/Desktop/kuka_ws/install/kuka_kr6_description/share/kuka_kr6_description/package.xml
[0.521s] Invoked command in '/home/robotik/Desktop/kuka_ws/build/kuka_kr6_description' returned '0': CMAKE_PREFIX_PATH=${CMAKE_PREFIX_PATH}:/opt/ros/jazzy DEBUGINFOD_URLS=https://debuginfod.ubuntu.com /usr/bin/cmake --install /home/robotik/Desktop/kuka_ws/build/kuka_kr6_description
