-- Found ament_cmake: 2.5.4 (/opt/ros/jazzy/share/ament_cmake/cmake)
-- Override CMake install command with custom implementation using symlinks instead of copying resources
-- Configuring done (0.2s)
-- Generating done (0.0s)
-- Build files have been written to: /home/robotik/Desktop/kuka_ws/build/kuka_kr6_gazebo
-- Install configuration: ""
-- Execute custom install script
-- Symlinking: /home/robotik/Desktop/kuka_ws/install/kuka_kr6_gazebo/share/kuka_kr6_gazebo/launch/gazebo.launch.py
-- Symlinking: /home/robotik/Desktop/kuka_ws/install/kuka_kr6_gazebo/share/kuka_kr6_gazebo/worlds/empty.sdf
-- Symlinking: /home/robotik/Desktop/kuka_ws/install/kuka_kr6_gazebo/share/ament_index/resource_index/package_run_dependencies/kuka_kr6_gazebo
-- Symlinking: /home/robotik/Desktop/kuka_ws/install/kuka_kr6_gazebo/share/ament_index/resource_index/parent_prefix_path/kuka_kr6_gazebo
-- Symlinking: /home/robotik/Desktop/kuka_ws/install/kuka_kr6_gazebo/share/kuka_kr6_gazebo/environment/ament_prefix_path.sh
-- Symlinking: /home/robotik/Desktop/kuka_ws/install/kuka_kr6_gazebo/share/kuka_kr6_gazebo/environment/ament_prefix_path.dsv
-- Symlinking: /home/robotik/Desktop/kuka_ws/install/kuka_kr6_gazebo/share/kuka_kr6_gazebo/environment/path.sh
-- Symlinking: /home/robotik/Desktop/kuka_ws/install/kuka_kr6_gazebo/share/kuka_kr6_gazebo/environment/path.dsv
-- Symlinking: /home/robotik/Desktop/kuka_ws/install/kuka_kr6_gazebo/share/kuka_kr6_gazebo/local_setup.bash
-- Symlinking: /home/robotik/Desktop/kuka_ws/install/kuka_kr6_gazebo/share/kuka_kr6_gazebo/local_setup.sh
-- Symlinking: /home/robotik/Desktop/kuka_ws/install/kuka_kr6_gazebo/share/kuka_kr6_gazebo/local_setup.zsh
-- Symlinking: /home/robotik/Desktop/kuka_ws/install/kuka_kr6_gazebo/share/kuka_kr6_gazebo/local_setup.dsv
-- Symlinking: /home/robotik/Desktop/kuka_ws/install/kuka_kr6_gazebo/share/kuka_kr6_gazebo/package.dsv
-- Symlinking: /home/robotik/Desktop/kuka_ws/install/kuka_kr6_gazebo/share/ament_index/resource_index/packages/kuka_kr6_gazebo
-- Symlinking: /home/robotik/Desktop/kuka_ws/install/kuka_kr6_gazebo/share/kuka_kr6_gazebo/cmake/kuka_kr6_gazeboConfig.cmake
-- Symlinking: /home/robotik/Desktop/kuka_ws/install/kuka_kr6_gazebo/share/kuka_kr6_gazebo/cmake/kuka_kr6_gazeboConfig-version.cmake
-- Symlinking: /home/robotik/Desktop/kuka_ws/install/kuka_kr6_gazebo/share/kuka_kr6_gazebo/package.xml
