[0.006s] Invoking command in '/home/robotik/Desktop/kuka_ws/src/build/kuka_kr6_gazebo': AMENT_PREFIX_PATH=/home/robotik/Desktop/kuka_ws/src/install/kuka_kr6_description:${AMENT_PREFIX_PATH} CMAKE_PREFIX_PATH=/home/robotik/Desktop/kuka_ws/src/install/kuka_kr6_description:/home/robotik/Desktop/kuka_ws/install/kuka_kr6_moveit:/home/robotik/Desktop/kuka_ws/install/kuka_kr6_gazebo:/home/robotik/Desktop/kuka_ws/install/kuka_kr6_description:/opt/ros/jazzy/opt/gz_sim_vendor:/opt/ros/jazzy/opt/gz_sensors_vendor:/opt/ros/jazzy/opt/gz_physics_vendor:/opt/ros/jazzy/opt/sdformat_vendor:/opt/ros/jazzy/opt/gz_gui_vendor:/opt/ros/jazzy/opt/gz_transport_vendor:/opt/ros/jazzy/opt/gz_rendering_vendor:/opt/ros/jazzy/opt/gz_plugin_vendor:/opt/ros/jazzy/opt/gz_fuel_tools_vendor:/opt/ros/jazzy/opt/gz_msgs_vendor:/opt/ros/jazzy/opt/gz_common_vendor:/opt/ros/jazzy/opt/gz_math_vendor:/opt/ros/jazzy/opt/gz_utils_vendor:/opt/ros/jazzy/opt/gz_tools_vendor:/opt/ros/jazzy/opt/gz_ogre_next_vendor:/opt/ros/jazzy/opt/gz_dartsim_vendor:/opt/ros/jazzy/opt/gz_cmake_vendor:/opt/ros/jazzy DEBUGINFOD_URLS=https://debuginfod.ubuntu.com /usr/bin/cmake /home/robotik/Desktop/kuka_ws/src/kuka_kr6_gazebo -DAMENT_CMAKE_SYMLINK_INSTALL=1 -DCMAKE_INSTALL_PREFIX=/home/robotik/Desktop/kuka_ws/src/install/kuka_kr6_gazebo
[0.044s] -- The C compiler identification is GNU 13.3.0
[0.081s] -- The CXX compiler identification is GNU 13.3.0
[0.092s] -- Detecting C compiler ABI info
[0.150s] -- Detecting C compiler ABI info - done
[0.157s] -- Check for working C compiler: /usr/bin/cc - skipped
[0.157s] -- Detecting C compile features
[0.157s] -- Detecting C compile features - done
[0.163s] -- Detecting CXX compiler ABI info
[0.229s] -- Detecting CXX compiler ABI info - done
[0.235s] -- Check for working CXX compiler: /usr/bin/c++ - skipped
[0.236s] -- Detecting CXX compile features
[0.236s] -- Detecting CXX compile features - done
[0.239s] -- Found ament_cmake: 2.5.4 (/opt/ros/jazzy/share/ament_cmake/cmake)
[0.344s] -- Found Python3: /usr/bin/python3 (found version "3.12.3") found components: Interpreter 
[0.395s] -- Override CMake install command with custom implementation using symlinks instead of copying resources
[0.485s] -- Configuring done (0.5s)
[0.487s] -- Generating done (0.0s)
[0.488s] -- Build files have been written to: /home/robotik/Desktop/kuka_ws/src/build/kuka_kr6_gazebo
[0.493s] Invoked command in '/home/robotik/Desktop/kuka_ws/src/build/kuka_kr6_gazebo' returned '0': AMENT_PREFIX_PATH=/home/robotik/Desktop/kuka_ws/src/install/kuka_kr6_description:${AMENT_PREFIX_PATH} CMAKE_PREFIX_PATH=/home/robotik/Desktop/kuka_ws/src/install/kuka_kr6_description:/home/robotik/Desktop/kuka_ws/install/kuka_kr6_moveit:/home/robotik/Desktop/kuka_ws/install/kuka_kr6_gazebo:/home/robotik/Desktop/kuka_ws/install/kuka_kr6_description:/opt/ros/jazzy/opt/gz_sim_vendor:/opt/ros/jazzy/opt/gz_sensors_vendor:/opt/ros/jazzy/opt/gz_physics_vendor:/opt/ros/jazzy/opt/sdformat_vendor:/opt/ros/jazzy/opt/gz_gui_vendor:/opt/ros/jazzy/opt/gz_transport_vendor:/opt/ros/jazzy/opt/gz_rendering_vendor:/opt/ros/jazzy/opt/gz_plugin_vendor:/opt/ros/jazzy/opt/gz_fuel_tools_vendor:/opt/ros/jazzy/opt/gz_msgs_vendor:/opt/ros/jazzy/opt/gz_common_vendor:/opt/ros/jazzy/opt/gz_math_vendor:/opt/ros/jazzy/opt/gz_utils_vendor:/opt/ros/jazzy/opt/gz_tools_vendor:/opt/ros/jazzy/opt/gz_ogre_next_vendor:/opt/ros/jazzy/opt/gz_dartsim_vendor:/opt/ros/jazzy/opt/gz_cmake_vendor:/opt/ros/jazzy DEBUGINFOD_URLS=https://debuginfod.ubuntu.com /usr/bin/cmake /home/robotik/Desktop/kuka_ws/src/kuka_kr6_gazebo -DAMENT_CMAKE_SYMLINK_INSTALL=1 -DCMAKE_INSTALL_PREFIX=/home/robotik/Desktop/kuka_ws/src/install/kuka_kr6_gazebo
[0.494s] Invoking command in '/home/robotik/Desktop/kuka_ws/src/build/kuka_kr6_gazebo': AMENT_PREFIX_PATH=/home/robotik/Desktop/kuka_ws/src/install/kuka_kr6_description:${AMENT_PREFIX_PATH} CMAKE_PREFIX_PATH=/home/robotik/Desktop/kuka_ws/src/install/kuka_kr6_description:/home/robotik/Desktop/kuka_ws/install/kuka_kr6_moveit:/home/robotik/Desktop/kuka_ws/install/kuka_kr6_gazebo:/home/robotik/Desktop/kuka_ws/install/kuka_kr6_description:/opt/ros/jazzy/opt/gz_sim_vendor:/opt/ros/jazzy/opt/gz_sensors_vendor:/opt/ros/jazzy/opt/gz_physics_vendor:/opt/ros/jazzy/opt/sdformat_vendor:/opt/ros/jazzy/opt/gz_gui_vendor:/opt/ros/jazzy/opt/gz_transport_vendor:/opt/ros/jazzy/opt/gz_rendering_vendor:/opt/ros/jazzy/opt/gz_plugin_vendor:/opt/ros/jazzy/opt/gz_fuel_tools_vendor:/opt/ros/jazzy/opt/gz_msgs_vendor:/opt/ros/jazzy/opt/gz_common_vendor:/opt/ros/jazzy/opt/gz_math_vendor:/opt/ros/jazzy/opt/gz_utils_vendor:/opt/ros/jazzy/opt/gz_tools_vendor:/opt/ros/jazzy/opt/gz_ogre_next_vendor:/opt/ros/jazzy/opt/gz_dartsim_vendor:/opt/ros/jazzy/opt/gz_cmake_vendor:/opt/ros/jazzy DEBUGINFOD_URLS=https://debuginfod.ubuntu.com /usr/bin/cmake --build /home/robotik/Desktop/kuka_ws/src/build/kuka_kr6_gazebo -- -j16 -l16
[0.520s] Invoked command in '/home/robotik/Desktop/kuka_ws/src/build/kuka_kr6_gazebo' returned '0': AMENT_PREFIX_PATH=/home/robotik/Desktop/kuka_ws/src/install/kuka_kr6_description:${AMENT_PREFIX_PATH} CMAKE_PREFIX_PATH=/home/robotik/Desktop/kuka_ws/src/install/kuka_kr6_description:/home/robotik/Desktop/kuka_ws/install/kuka_kr6_moveit:/home/robotik/Desktop/kuka_ws/install/kuka_kr6_gazebo:/home/robotik/Desktop/kuka_ws/install/kuka_kr6_description:/opt/ros/jazzy/opt/gz_sim_vendor:/opt/ros/jazzy/opt/gz_sensors_vendor:/opt/ros/jazzy/opt/gz_physics_vendor:/opt/ros/jazzy/opt/sdformat_vendor:/opt/ros/jazzy/opt/gz_gui_vendor:/opt/ros/jazzy/opt/gz_transport_vendor:/opt/ros/jazzy/opt/gz_rendering_vendor:/opt/ros/jazzy/opt/gz_plugin_vendor:/opt/ros/jazzy/opt/gz_fuel_tools_vendor:/opt/ros/jazzy/opt/gz_msgs_vendor:/opt/ros/jazzy/opt/gz_common_vendor:/opt/ros/jazzy/opt/gz_math_vendor:/opt/ros/jazzy/opt/gz_utils_vendor:/opt/ros/jazzy/opt/gz_tools_vendor:/opt/ros/jazzy/opt/gz_ogre_next_vendor:/opt/ros/jazzy/opt/gz_dartsim_vendor:/opt/ros/jazzy/opt/gz_cmake_vendor:/opt/ros/jazzy DEBUGINFOD_URLS=https://debuginfod.ubuntu.com /usr/bin/cmake --build /home/robotik/Desktop/kuka_ws/src/build/kuka_kr6_gazebo -- -j16 -l16
[0.520s] Invoking command in '/home/robotik/Desktop/kuka_ws/src/build/kuka_kr6_gazebo': AMENT_PREFIX_PATH=/home/robotik/Desktop/kuka_ws/src/install/kuka_kr6_description:${AMENT_PREFIX_PATH} CMAKE_PREFIX_PATH=/home/robotik/Desktop/kuka_ws/src/install/kuka_kr6_description:/home/robotik/Desktop/kuka_ws/install/kuka_kr6_moveit:/home/robotik/Desktop/kuka_ws/install/kuka_kr6_gazebo:/home/robotik/Desktop/kuka_ws/install/kuka_kr6_description:/opt/ros/jazzy/opt/gz_sim_vendor:/opt/ros/jazzy/opt/gz_sensors_vendor:/opt/ros/jazzy/opt/gz_physics_vendor:/opt/ros/jazzy/opt/sdformat_vendor:/opt/ros/jazzy/opt/gz_gui_vendor:/opt/ros/jazzy/opt/gz_transport_vendor:/opt/ros/jazzy/opt/gz_rendering_vendor:/opt/ros/jazzy/opt/gz_plugin_vendor:/opt/ros/jazzy/opt/gz_fuel_tools_vendor:/opt/ros/jazzy/opt/gz_msgs_vendor:/opt/ros/jazzy/opt/gz_common_vendor:/opt/ros/jazzy/opt/gz_math_vendor:/opt/ros/jazzy/opt/gz_utils_vendor:/opt/ros/jazzy/opt/gz_tools_vendor:/opt/ros/jazzy/opt/gz_ogre_next_vendor:/opt/ros/jazzy/opt/gz_dartsim_vendor:/opt/ros/jazzy/opt/gz_cmake_vendor:/opt/ros/jazzy DEBUGINFOD_URLS=https://debuginfod.ubuntu.com /usr/bin/cmake --install /home/robotik/Desktop/kuka_ws/src/build/kuka_kr6_gazebo
[0.525s] -- Install configuration: ""
[0.525s] -- Execute custom install script
[0.526s] -- Symlinking: /home/robotik/Desktop/kuka_ws/src/install/kuka_kr6_gazebo/share/kuka_kr6_gazebo/launch/gazebo.launch.py
[0.531s] -- Symlinking: /home/robotik/Desktop/kuka_ws/src/install/kuka_kr6_gazebo/share/kuka_kr6_gazebo/worlds/empty.sdf
[0.537s] -- Symlinking: /home/robotik/Desktop/kuka_ws/src/install/kuka_kr6_gazebo/share/ament_index/resource_index/package_run_dependencies/kuka_kr6_gazebo
[0.542s] -- Symlinking: /home/robotik/Desktop/kuka_ws/src/install/kuka_kr6_gazebo/share/ament_index/resource_index/parent_prefix_path/kuka_kr6_gazebo
[0.548s] -- Symlinking: /home/robotik/Desktop/kuka_ws/src/install/kuka_kr6_gazebo/share/kuka_kr6_gazebo/environment/ament_prefix_path.sh
[0.553s] -- Symlinking: /home/robotik/Desktop/kuka_ws/src/install/kuka_kr6_gazebo/share/kuka_kr6_gazebo/environment/ament_prefix_path.dsv
[0.559s] -- Symlinking: /home/robotik/Desktop/kuka_ws/src/install/kuka_kr6_gazebo/share/kuka_kr6_gazebo/environment/path.sh
[0.564s] -- Symlinking: /home/robotik/Desktop/kuka_ws/src/install/kuka_kr6_gazebo/share/kuka_kr6_gazebo/environment/path.dsv
[0.570s] -- Symlinking: /home/robotik/Desktop/kuka_ws/src/install/kuka_kr6_gazebo/share/kuka_kr6_gazebo/local_setup.bash
[0.576s] -- Symlinking: /home/robotik/Desktop/kuka_ws/src/install/kuka_kr6_gazebo/share/kuka_kr6_gazebo/local_setup.sh
[0.581s] -- Symlinking: /home/robotik/Desktop/kuka_ws/src/install/kuka_kr6_gazebo/share/kuka_kr6_gazebo/local_setup.zsh
[0.587s] -- Symlinking: /home/robotik/Desktop/kuka_ws/src/install/kuka_kr6_gazebo/share/kuka_kr6_gazebo/local_setup.dsv
[0.593s] -- Symlinking: /home/robotik/Desktop/kuka_ws/src/install/kuka_kr6_gazebo/share/kuka_kr6_gazebo/package.dsv
[0.599s] -- Symlinking: /home/robotik/Desktop/kuka_ws/src/install/kuka_kr6_gazebo/share/ament_index/resource_index/packages/kuka_kr6_gazebo
[0.605s] -- Symlinking: /home/robotik/Desktop/kuka_ws/src/install/kuka_kr6_gazebo/share/kuka_kr6_gazebo/cmake/kuka_kr6_gazeboConfig.cmake
[0.610s] -- Symlinking: /home/robotik/Desktop/kuka_ws/src/install/kuka_kr6_gazebo/share/kuka_kr6_gazebo/cmake/kuka_kr6_gazeboConfig-version.cmake
[0.616s] -- Symlinking: /home/robotik/Desktop/kuka_ws/src/install/kuka_kr6_gazebo/share/kuka_kr6_gazebo/package.xml
[0.623s] Invoked command in '/home/robotik/Desktop/kuka_ws/src/build/kuka_kr6_gazebo' returned '0': AMENT_PREFIX_PATH=/home/robotik/Desktop/kuka_ws/src/install/kuka_kr6_description:${AMENT_PREFIX_PATH} CMAKE_PREFIX_PATH=/home/robotik/Desktop/kuka_ws/src/install/kuka_kr6_description:/home/robotik/Desktop/kuka_ws/install/kuka_kr6_moveit:/home/robotik/Desktop/kuka_ws/install/kuka_kr6_gazebo:/home/robotik/Desktop/kuka_ws/install/kuka_kr6_description:/opt/ros/jazzy/opt/gz_sim_vendor:/opt/ros/jazzy/opt/gz_sensors_vendor:/opt/ros/jazzy/opt/gz_physics_vendor:/opt/ros/jazzy/opt/sdformat_vendor:/opt/ros/jazzy/opt/gz_gui_vendor:/opt/ros/jazzy/opt/gz_transport_vendor:/opt/ros/jazzy/opt/gz_rendering_vendor:/opt/ros/jazzy/opt/gz_plugin_vendor:/opt/ros/jazzy/opt/gz_fuel_tools_vendor:/opt/ros/jazzy/opt/gz_msgs_vendor:/opt/ros/jazzy/opt/gz_common_vendor:/opt/ros/jazzy/opt/gz_math_vendor:/opt/ros/jazzy/opt/gz_utils_vendor:/opt/ros/jazzy/opt/gz_tools_vendor:/opt/ros/jazzy/opt/gz_ogre_next_vendor:/opt/ros/jazzy/opt/gz_dartsim_vendor:/opt/ros/jazzy/opt/gz_cmake_vendor:/opt/ros/jazzy DEBUGINFOD_URLS=https://debuginfod.ubuntu.com /usr/bin/cmake --install /home/robotik/Desktop/kuka_ws/src/build/kuka_kr6_gazebo
