[0.007s] Invoking command in '/home/robotik/Desktop/kuka_ws/build/kuka_kr6_gazebo': AMENT_PREFIX_PATH=/home/robotik/Desktop/kuka_ws/install/kuka_kr6_description:${AMENT_PREFIX_PATH} CMAKE_PREFIX_PATH=/home/robotik/Desktop/kuka_ws/install/kuka_kr6_description:/opt/ros/jazzy/opt/gz_sim_vendor:/opt/ros/jazzy/opt/gz_sensors_vendor:/opt/ros/jazzy/opt/gz_physics_vendor:/opt/ros/jazzy/opt/sdformat_vendor:/opt/ros/jazzy/opt/gz_gui_vendor:/opt/ros/jazzy/opt/gz_transport_vendor:/opt/ros/jazzy/opt/gz_rendering_vendor:/opt/ros/jazzy/opt/gz_plugin_vendor:/opt/ros/jazzy/opt/gz_fuel_tools_vendor:/opt/ros/jazzy/opt/gz_msgs_vendor:/opt/ros/jazzy/opt/gz_common_vendor:/opt/ros/jazzy/opt/gz_math_vendor:/opt/ros/jazzy/opt/gz_utils_vendor:/opt/ros/jazzy/opt/gz_tools_vendor:/opt/ros/jazzy/opt/gz_ogre_next_vendor:/opt/ros/jazzy/opt/gz_dartsim_vendor:/opt/ros/jazzy/opt/gz_cmake_vendor:/opt/ros/jazzy DEBUGINFOD_URLS=https://debuginfod.ubuntu.com /usr/bin/cmake /home/robotik/Desktop/kuka_ws/src/kuka_kr6_gazebo -DCMAKE_INSTALL_PREFIX=/home/robotik/Desktop/kuka_ws/install/kuka_kr6_gazebo
[0.044s] -- The C compiler identification is GNU 13.3.0
[0.082s] -- The CXX compiler identification is GNU 13.3.0
[0.093s] -- Detecting C compiler ABI info
[0.151s] -- Detecting C compiler ABI info - done
[0.158s] -- Check for working C compiler: /usr/bin/cc - skipped
[0.158s] -- Detecting C compile features
[0.158s] -- Detecting C compile features - done
[0.165s] -- Detecting CXX compiler ABI info
[0.230s] -- Detecting CXX compiler ABI info - done
[0.237s] -- Check for working CXX compiler: /usr/bin/c++ - skipped
[0.237s] -- Detecting CXX compile features
[0.237s] -- Detecting CXX compile features - done
[0.240s] -- Found ament_cmake: 2.5.4 (/opt/ros/jazzy/share/ament_cmake/cmake)
[0.345s] -- Found Python3: /usr/bin/python3 (found version "3.12.3") found components: Interpreter 
[0.488s] -- Configuring done (0.5s)
[0.489s] -- Generating done (0.0s)
[0.490s] -- Build files have been written to: /home/robotik/Desktop/kuka_ws/build/kuka_kr6_gazebo
[0.495s] Invoked command in '/home/robotik/Desktop/kuka_ws/build/kuka_kr6_gazebo' returned '0': AMENT_PREFIX_PATH=/home/robotik/Desktop/kuka_ws/install/kuka_kr6_description:${AMENT_PREFIX_PATH} CMAKE_PREFIX_PATH=/home/robotik/Desktop/kuka_ws/install/kuka_kr6_description:/opt/ros/jazzy/opt/gz_sim_vendor:/opt/ros/jazzy/opt/gz_sensors_vendor:/opt/ros/jazzy/opt/gz_physics_vendor:/opt/ros/jazzy/opt/sdformat_vendor:/opt/ros/jazzy/opt/gz_gui_vendor:/opt/ros/jazzy/opt/gz_transport_vendor:/opt/ros/jazzy/opt/gz_rendering_vendor:/opt/ros/jazzy/opt/gz_plugin_vendor:/opt/ros/jazzy/opt/gz_fuel_tools_vendor:/opt/ros/jazzy/opt/gz_msgs_vendor:/opt/ros/jazzy/opt/gz_common_vendor:/opt/ros/jazzy/opt/gz_math_vendor:/opt/ros/jazzy/opt/gz_utils_vendor:/opt/ros/jazzy/opt/gz_tools_vendor:/opt/ros/jazzy/opt/gz_ogre_next_vendor:/opt/ros/jazzy/opt/gz_dartsim_vendor:/opt/ros/jazzy/opt/gz_cmake_vendor:/opt/ros/jazzy DEBUGINFOD_URLS=https://debuginfod.ubuntu.com /usr/bin/cmake /home/robotik/Desktop/kuka_ws/src/kuka_kr6_gazebo -DCMAKE_INSTALL_PREFIX=/home/robotik/Desktop/kuka_ws/install/kuka_kr6_gazebo
[0.495s] Invoking command in '/home/robotik/Desktop/kuka_ws/build/kuka_kr6_gazebo': AMENT_PREFIX_PATH=/home/robotik/Desktop/kuka_ws/install/kuka_kr6_description:${AMENT_PREFIX_PATH} CMAKE_PREFIX_PATH=/home/robotik/Desktop/kuka_ws/install/kuka_kr6_description:/opt/ros/jazzy/opt/gz_sim_vendor:/opt/ros/jazzy/opt/gz_sensors_vendor:/opt/ros/jazzy/opt/gz_physics_vendor:/opt/ros/jazzy/opt/sdformat_vendor:/opt/ros/jazzy/opt/gz_gui_vendor:/opt/ros/jazzy/opt/gz_transport_vendor:/opt/ros/jazzy/opt/gz_rendering_vendor:/opt/ros/jazzy/opt/gz_plugin_vendor:/opt/ros/jazzy/opt/gz_fuel_tools_vendor:/opt/ros/jazzy/opt/gz_msgs_vendor:/opt/ros/jazzy/opt/gz_common_vendor:/opt/ros/jazzy/opt/gz_math_vendor:/opt/ros/jazzy/opt/gz_utils_vendor:/opt/ros/jazzy/opt/gz_tools_vendor:/opt/ros/jazzy/opt/gz_ogre_next_vendor:/opt/ros/jazzy/opt/gz_dartsim_vendor:/opt/ros/jazzy/opt/gz_cmake_vendor:/opt/ros/jazzy DEBUGINFOD_URLS=https://debuginfod.ubuntu.com /usr/bin/cmake --build /home/robotik/Desktop/kuka_ws/build/kuka_kr6_gazebo -- -j16 -l16
[0.523s] Invoked command in '/home/robotik/Desktop/kuka_ws/build/kuka_kr6_gazebo' returned '0': AMENT_PREFIX_PATH=/home/robotik/Desktop/kuka_ws/install/kuka_kr6_description:${AMENT_PREFIX_PATH} CMAKE_PREFIX_PATH=/home/robotik/Desktop/kuka_ws/install/kuka_kr6_description:/opt/ros/jazzy/opt/gz_sim_vendor:/opt/ros/jazzy/opt/gz_sensors_vendor:/opt/ros/jazzy/opt/gz_physics_vendor:/opt/ros/jazzy/opt/sdformat_vendor:/opt/ros/jazzy/opt/gz_gui_vendor:/opt/ros/jazzy/opt/gz_transport_vendor:/opt/ros/jazzy/opt/gz_rendering_vendor:/opt/ros/jazzy/opt/gz_plugin_vendor:/opt/ros/jazzy/opt/gz_fuel_tools_vendor:/opt/ros/jazzy/opt/gz_msgs_vendor:/opt/ros/jazzy/opt/gz_common_vendor:/opt/ros/jazzy/opt/gz_math_vendor:/opt/ros/jazzy/opt/gz_utils_vendor:/opt/ros/jazzy/opt/gz_tools_vendor:/opt/ros/jazzy/opt/gz_ogre_next_vendor:/opt/ros/jazzy/opt/gz_dartsim_vendor:/opt/ros/jazzy/opt/gz_cmake_vendor:/opt/ros/jazzy DEBUGINFOD_URLS=https://debuginfod.ubuntu.com /usr/bin/cmake --build /home/robotik/Desktop/kuka_ws/build/kuka_kr6_gazebo -- -j16 -l16
[0.523s] Invoking command in '/home/robotik/Desktop/kuka_ws/build/kuka_kr6_gazebo': AMENT_PREFIX_PATH=/home/robotik/Desktop/kuka_ws/install/kuka_kr6_description:${AMENT_PREFIX_PATH} CMAKE_PREFIX_PATH=/home/robotik/Desktop/kuka_ws/install/kuka_kr6_description:/opt/ros/jazzy/opt/gz_sim_vendor:/opt/ros/jazzy/opt/gz_sensors_vendor:/opt/ros/jazzy/opt/gz_physics_vendor:/opt/ros/jazzy/opt/sdformat_vendor:/opt/ros/jazzy/opt/gz_gui_vendor:/opt/ros/jazzy/opt/gz_transport_vendor:/opt/ros/jazzy/opt/gz_rendering_vendor:/opt/ros/jazzy/opt/gz_plugin_vendor:/opt/ros/jazzy/opt/gz_fuel_tools_vendor:/opt/ros/jazzy/opt/gz_msgs_vendor:/opt/ros/jazzy/opt/gz_common_vendor:/opt/ros/jazzy/opt/gz_math_vendor:/opt/ros/jazzy/opt/gz_utils_vendor:/opt/ros/jazzy/opt/gz_tools_vendor:/opt/ros/jazzy/opt/gz_ogre_next_vendor:/opt/ros/jazzy/opt/gz_dartsim_vendor:/opt/ros/jazzy/opt/gz_cmake_vendor:/opt/ros/jazzy DEBUGINFOD_URLS=https://debuginfod.ubuntu.com /usr/bin/cmake --install /home/robotik/Desktop/kuka_ws/build/kuka_kr6_gazebo
[0.528s] -- Install configuration: ""
[0.528s] -- Installing: /home/robotik/Desktop/kuka_ws/install/kuka_kr6_gazebo/share/kuka_kr6_gazebo/launch
[0.528s] -- Installing: /home/robotik/Desktop/kuka_ws/install/kuka_kr6_gazebo/share/kuka_kr6_gazebo/launch/gazebo.launch.py
[0.529s] -- Installing: /home/robotik/Desktop/kuka_ws/install/kuka_kr6_gazebo/share/kuka_kr6_gazebo/worlds
[0.529s] -- Installing: /home/robotik/Desktop/kuka_ws/install/kuka_kr6_gazebo/share/kuka_kr6_gazebo/worlds/empty.sdf
[0.529s] -- Installing: /home/robotik/Desktop/kuka_ws/install/kuka_kr6_gazebo/share/ament_index/resource_index/package_run_dependencies/kuka_kr6_gazebo
[0.529s] -- Installing: /home/robotik/Desktop/kuka_ws/install/kuka_kr6_gazebo/share/ament_index/resource_index/parent_prefix_path/kuka_kr6_gazebo
[0.529s] -- Installing: /home/robotik/Desktop/kuka_ws/install/kuka_kr6_gazebo/share/kuka_kr6_gazebo/environment/ament_prefix_path.sh
[0.529s] -- Installing: /home/robotik/Desktop/kuka_ws/install/kuka_kr6_gazebo/share/kuka_kr6_gazebo/environment/ament_prefix_path.dsv
[0.529s] -- Installing: /home/robotik/Desktop/kuka_ws/install/kuka_kr6_gazebo/share/kuka_kr6_gazebo/environment/path.sh
[0.530s] -- Installing: /home/robotik/Desktop/kuka_ws/install/kuka_kr6_gazebo/share/kuka_kr6_gazebo/environment/path.dsv
[0.530s] -- Installing: /home/robotik/Desktop/kuka_ws/install/kuka_kr6_gazebo/share/kuka_kr6_gazebo/local_setup.bash
[0.530s] -- Installing: /home/robotik/Desktop/kuka_ws/install/kuka_kr6_gazebo/share/kuka_kr6_gazebo/local_setup.sh
[0.530s] -- Installing: /home/robotik/Desktop/kuka_ws/install/kuka_kr6_gazebo/share/kuka_kr6_gazebo/local_setup.zsh
[0.530s] -- Installing: /home/robotik/Desktop/kuka_ws/install/kuka_kr6_gazebo/share/kuka_kr6_gazebo/local_setup.dsv
[0.530s] -- Installing: /home/robotik/Desktop/kuka_ws/install/kuka_kr6_gazebo/share/kuka_kr6_gazebo/package.dsv
[0.530s] -- Installing: /home/robotik/Desktop/kuka_ws/install/kuka_kr6_gazebo/share/ament_index/resource_index/packages/kuka_kr6_gazebo
[0.531s] -- Installing: /home/robotik/Desktop/kuka_ws/install/kuka_kr6_gazebo/share/kuka_kr6_gazebo/cmake/kuka_kr6_gazeboConfig.cmake
[0.531s] -- Installing: /home/robotik/Desktop/kuka_ws/install/kuka_kr6_gazebo/share/kuka_kr6_gazebo/cmake/kuka_kr6_gazeboConfig-version.cmake
[0.531s] -- Installing: /home/robotik/Desktop/kuka_ws/install/kuka_kr6_gazebo/share/kuka_kr6_gazebo/package.xml
[0.531s] Invoked command in '/home/robotik/Desktop/kuka_ws/build/kuka_kr6_gazebo' returned '0': AMENT_PREFIX_PATH=/home/robotik/Desktop/kuka_ws/install/kuka_kr6_description:${AMENT_PREFIX_PATH} CMAKE_PREFIX_PATH=/home/robotik/Desktop/kuka_ws/install/kuka_kr6_description:/opt/ros/jazzy/opt/gz_sim_vendor:/opt/ros/jazzy/opt/gz_sensors_vendor:/opt/ros/jazzy/opt/gz_physics_vendor:/opt/ros/jazzy/opt/sdformat_vendor:/opt/ros/jazzy/opt/gz_gui_vendor:/opt/ros/jazzy/opt/gz_transport_vendor:/opt/ros/jazzy/opt/gz_rendering_vendor:/opt/ros/jazzy/opt/gz_plugin_vendor:/opt/ros/jazzy/opt/gz_fuel_tools_vendor:/opt/ros/jazzy/opt/gz_msgs_vendor:/opt/ros/jazzy/opt/gz_common_vendor:/opt/ros/jazzy/opt/gz_math_vendor:/opt/ros/jazzy/opt/gz_utils_vendor:/opt/ros/jazzy/opt/gz_tools_vendor:/opt/ros/jazzy/opt/gz_ogre_next_vendor:/opt/ros/jazzy/opt/gz_dartsim_vendor:/opt/ros/jazzy/opt/gz_cmake_vendor:/opt/ros/jazzy DEBUGINFOD_URLS=https://debuginfod.ubuntu.com /usr/bin/cmake --install /home/robotik/Desktop/kuka_ws/build/kuka_kr6_gazebo
