[0.006s] Invoking command in '/home/robotik/Desktop/kuka_ws/build/kuka_kr6_moveit': AMENT_PREFIX_PATH=/home/robotik/Desktop/kuka_ws/install/kuka_kr6_description:${AMENT_PREFIX_PATH} CMAKE_PREFIX_PATH=/home/robotik/Desktop/kuka_ws/install/kuka_kr6_description:/opt/ros/jazzy/opt/gz_sim_vendor:/opt/ros/jazzy/opt/gz_sensors_vendor:/opt/ros/jazzy/opt/gz_physics_vendor:/opt/ros/jazzy/opt/sdformat_vendor:/opt/ros/jazzy/opt/gz_gui_vendor:/opt/ros/jazzy/opt/gz_transport_vendor:/opt/ros/jazzy/opt/gz_rendering_vendor:/opt/ros/jazzy/opt/gz_plugin_vendor:/opt/ros/jazzy/opt/gz_fuel_tools_vendor:/opt/ros/jazzy/opt/gz_msgs_vendor:/opt/ros/jazzy/opt/gz_common_vendor:/opt/ros/jazzy/opt/gz_math_vendor:/opt/ros/jazzy/opt/gz_utils_vendor:/opt/ros/jazzy/opt/gz_tools_vendor:/opt/ros/jazzy/opt/gz_ogre_next_vendor:/opt/ros/jazzy/opt/gz_dartsim_vendor:/opt/ros/jazzy/opt/gz_cmake_vendor:/opt/ros/jazzy DEBUGINFOD_URLS=https://debuginfod.ubuntu.com /usr/bin/cmake --build /home/robotik/Desktop/kuka_ws/build/kuka_kr6_moveit -- -j16 -l16
[0.030s] Invoked command in '/home/robotik/Desktop/kuka_ws/build/kuka_kr6_moveit' returned '0': AMENT_PREFIX_PATH=/home/robotik/Desktop/kuka_ws/install/kuka_kr6_description:${AMENT_PREFIX_PATH} CMAKE_PREFIX_PATH=/home/robotik/Desktop/kuka_ws/install/kuka_kr6_description:/opt/ros/jazzy/opt/gz_sim_vendor:/opt/ros/jazzy/opt/gz_sensors_vendor:/opt/ros/jazzy/opt/gz_physics_vendor:/opt/ros/jazzy/opt/sdformat_vendor:/opt/ros/jazzy/opt/gz_gui_vendor:/opt/ros/jazzy/opt/gz_transport_vendor:/opt/ros/jazzy/opt/gz_rendering_vendor:/opt/ros/jazzy/opt/gz_plugin_vendor:/opt/ros/jazzy/opt/gz_fuel_tools_vendor:/opt/ros/jazzy/opt/gz_msgs_vendor:/opt/ros/jazzy/opt/gz_common_vendor:/opt/ros/jazzy/opt/gz_math_vendor:/opt/ros/jazzy/opt/gz_utils_vendor:/opt/ros/jazzy/opt/gz_tools_vendor:/opt/ros/jazzy/opt/gz_ogre_next_vendor:/opt/ros/jazzy/opt/gz_dartsim_vendor:/opt/ros/jazzy/opt/gz_cmake_vendor:/opt/ros/jazzy DEBUGINFOD_URLS=https://debuginfod.ubuntu.com /usr/bin/cmake --build /home/robotik/Desktop/kuka_ws/build/kuka_kr6_moveit -- -j16 -l16
[0.031s] Invoking command in '/home/robotik/Desktop/kuka_ws/build/kuka_kr6_moveit': AMENT_PREFIX_PATH=/home/robotik/Desktop/kuka_ws/install/kuka_kr6_description:${AMENT_PREFIX_PATH} CMAKE_PREFIX_PATH=/home/robotik/Desktop/kuka_ws/install/kuka_kr6_description:/opt/ros/jazzy/opt/gz_sim_vendor:/opt/ros/jazzy/opt/gz_sensors_vendor:/opt/ros/jazzy/opt/gz_physics_vendor:/opt/ros/jazzy/opt/sdformat_vendor:/opt/ros/jazzy/opt/gz_gui_vendor:/opt/ros/jazzy/opt/gz_transport_vendor:/opt/ros/jazzy/opt/gz_rendering_vendor:/opt/ros/jazzy/opt/gz_plugin_vendor:/opt/ros/jazzy/opt/gz_fuel_tools_vendor:/opt/ros/jazzy/opt/gz_msgs_vendor:/opt/ros/jazzy/opt/gz_common_vendor:/opt/ros/jazzy/opt/gz_math_vendor:/opt/ros/jazzy/opt/gz_utils_vendor:/opt/ros/jazzy/opt/gz_tools_vendor:/opt/ros/jazzy/opt/gz_ogre_next_vendor:/opt/ros/jazzy/opt/gz_dartsim_vendor:/opt/ros/jazzy/opt/gz_cmake_vendor:/opt/ros/jazzy DEBUGINFOD_URLS=https://debuginfod.ubuntu.com /usr/bin/cmake --install /home/robotik/Desktop/kuka_ws/build/kuka_kr6_moveit
[0.036s] -- Install configuration: ""
[0.036s] -- Execute custom install script
[0.036s] -- Up-to-date symlink: /home/robotik/Desktop/kuka_ws/install/kuka_kr6_moveit/share/kuka_kr6_moveit/launch/moveit.launch.py
[0.036s] -- Up-to-date symlink: /home/robotik/Desktop/kuka_ws/install/kuka_kr6_moveit/share/kuka_kr6_moveit/config/joint_limits.yaml
[0.036s] -- Up-to-date symlink: /home/robotik/Desktop/kuka_ws/install/kuka_kr6_moveit/share/kuka_kr6_moveit/config/kinematics.yaml
[0.036s] -- Up-to-date symlink: /home/robotik/Desktop/kuka_ws/install/kuka_kr6_moveit/share/kuka_kr6_moveit/config/kuka_kr6.srdf
[0.037s] -- Up-to-date symlink: /home/robotik/Desktop/kuka_ws/install/kuka_kr6_moveit/share/kuka_kr6_moveit/config/moveit.rviz
[0.037s] -- Up-to-date symlink: /home/robotik/Desktop/kuka_ws/install/kuka_kr6_moveit/share/kuka_kr6_moveit/config/moveit_controllers.yaml
[0.037s] -- Up-to-date symlink: /home/robotik/Desktop/kuka_ws/install/kuka_kr6_moveit/share/kuka_kr6_moveit/config/ompl_planning.yaml
[0.037s] -- Up-to-date symlink: /home/robotik/Desktop/kuka_ws/install/kuka_kr6_moveit/share/ament_index/resource_index/package_run_dependencies/kuka_kr6_moveit
[0.037s] -- Up-to-date symlink: /home/robotik/Desktop/kuka_ws/install/kuka_kr6_moveit/share/ament_index/resource_index/parent_prefix_path/kuka_kr6_moveit
[0.037s] -- Up-to-date symlink: /home/robotik/Desktop/kuka_ws/install/kuka_kr6_moveit/share/kuka_kr6_moveit/environment/ament_prefix_path.sh
[0.037s] -- Up-to-date symlink: /home/robotik/Desktop/kuka_ws/install/kuka_kr6_moveit/share/kuka_kr6_moveit/environment/ament_prefix_path.dsv
[0.037s] -- Up-to-date symlink: /home/robotik/Desktop/kuka_ws/install/kuka_kr6_moveit/share/kuka_kr6_moveit/environment/path.sh
[0.037s] -- Up-to-date symlink: /home/robotik/Desktop/kuka_ws/install/kuka_kr6_moveit/share/kuka_kr6_moveit/environment/path.dsv
[0.038s] -- Up-to-date symlink: /home/robotik/Desktop/kuka_ws/install/kuka_kr6_moveit/share/kuka_kr6_moveit/local_setup.bash
[0.038s] -- Up-to-date symlink: /home/robotik/Desktop/kuka_ws/install/kuka_kr6_moveit/share/kuka_kr6_moveit/local_setup.sh
[0.038s] -- Up-to-date symlink: /home/robotik/Desktop/kuka_ws/install/kuka_kr6_moveit/share/kuka_kr6_moveit/local_setup.zsh
[0.038s] -- Up-to-date symlink: /home/robotik/Desktop/kuka_ws/install/kuka_kr6_moveit/share/kuka_kr6_moveit/local_setup.dsv
[0.038s] -- Symlinking: /home/robotik/Desktop/kuka_ws/install/kuka_kr6_moveit/share/kuka_kr6_moveit/package.dsv
[0.043s] -- Up-to-date symlink: /home/robotik/Desktop/kuka_ws/install/kuka_kr6_moveit/share/ament_index/resource_index/packages/kuka_kr6_moveit
[0.043s] -- Up-to-date symlink: /home/robotik/Desktop/kuka_ws/install/kuka_kr6_moveit/share/kuka_kr6_moveit/cmake/kuka_kr6_moveitConfig.cmake
[0.043s] -- Up-to-date symlink: /home/robotik/Desktop/kuka_ws/install/kuka_kr6_moveit/share/kuka_kr6_moveit/cmake/kuka_kr6_moveitConfig-version.cmake
[0.044s] -- Up-to-date symlink: /home/robotik/Desktop/kuka_ws/install/kuka_kr6_moveit/share/kuka_kr6_moveit/package.xml
[0.045s] Invoked command in '/home/robotik/Desktop/kuka_ws/build/kuka_kr6_moveit' returned '0': AMENT_PREFIX_PATH=/home/robotik/Desktop/kuka_ws/install/kuka_kr6_description:${AMENT_PREFIX_PATH} CMAKE_PREFIX_PATH=/home/robotik/Desktop/kuka_ws/install/kuka_kr6_description:/opt/ros/jazzy/opt/gz_sim_vendor:/opt/ros/jazzy/opt/gz_sensors_vendor:/opt/ros/jazzy/opt/gz_physics_vendor:/opt/ros/jazzy/opt/sdformat_vendor:/opt/ros/jazzy/opt/gz_gui_vendor:/opt/ros/jazzy/opt/gz_transport_vendor:/opt/ros/jazzy/opt/gz_rendering_vendor:/opt/ros/jazzy/opt/gz_plugin_vendor:/opt/ros/jazzy/opt/gz_fuel_tools_vendor:/opt/ros/jazzy/opt/gz_msgs_vendor:/opt/ros/jazzy/opt/gz_common_vendor:/opt/ros/jazzy/opt/gz_math_vendor:/opt/ros/jazzy/opt/gz_utils_vendor:/opt/ros/jazzy/opt/gz_tools_vendor:/opt/ros/jazzy/opt/gz_ogre_next_vendor:/opt/ros/jazzy/opt/gz_dartsim_vendor:/opt/ros/jazzy/opt/gz_cmake_vendor:/opt/ros/jazzy DEBUGINFOD_URLS=https://debuginfod.ubuntu.com /usr/bin/cmake --install /home/robotik/Desktop/kuka_ws/build/kuka_kr6_moveit
