[0.083s] DEBUG:colcon:Command line arguments: ['/usr/bin/colcon', 'build', '--symlink-install']
[0.083s] DEBUG:colcon:Parsed command line arguments: Namespace(log_base=None, log_level=None, verb_name='build', build_base='build', install_base='install', merge_install=False, symlink_install=True, test_result_base=None, continue_on_error=False, executor='parallel', parallel_workers=16, event_handlers=None, ignore_user_meta=False, metas=['./colcon.meta'], base_paths=['.'], packages_ignore=None, packages_ignore_regex=None, paths=None, packages_up_to=None, packages_up_to_regex=None, packages_above=None, packages_above_and_dependencies=None, packages_above_depth=None, packages_select_by_dep=None, packages_skip_by_dep=None, packages_skip_up_to=None, packages_select_build_failed=False, packages_skip_build_finished=False, packages_select_test_failures=False, packages_skip_test_passed=False, packages_select=None, packages_skip=None, packages_select_regex=None, packages_skip_regex=None, packages_start=None, packages_end=None, allow_overriding=[], cmake_args=None, cmake_target=None, cmake_target_skip_unavailable=False, cmake_clean_cache=False, cmake_clean_first=False, cmake_force_configure=False, ament_cmake_args=None, catkin_cmake_args=None, catkin_skip_building_tests=False, mixin_files=None, mixin=None, verb_parser=<colcon_mixin.mixin.mixin_argument.MixinArgumentDecorator object at 0x7d6e5663db20>, verb_extension=<colcon_core.verb.build.BuildVerb object at 0x7d6e5710a990>, main=<bound method BuildVerb.main of <colcon_core.verb.build.BuildVerb object at 0x7d6e5710a990>>, mixin_verb=('build',))
[0.117s] Level 1:colcon.colcon_core.package_discovery:discover_packages(colcon_meta) check parameters
[0.117s] Level 1:colcon.colcon_core.package_discovery:discover_packages(recursive) check parameters
[0.117s] Level 1:colcon.colcon_core.package_discovery:discover_packages(ignore) check parameters
[0.117s] Level 1:colcon.colcon_core.package_discovery:discover_packages(path) check parameters
[0.117s] Level 1:colcon.colcon_core.package_discovery:discover_packages(colcon_meta) discover
[0.118s] Level 1:colcon.colcon_core.package_discovery:discover_packages(recursive) discover
[0.118s] INFO:colcon.colcon_core.package_discovery:Crawling recursively for packages in '/home/robotik/Desktop/kuka_ws'
[0.118s] Level 1:colcon.colcon_core.package_identification:_identify(.) by extensions ['ignore', 'ignore_ament_install']
[0.118s] Level 1:colcon.colcon_core.package_identification:_identify(.) by extension 'ignore'
[0.118s] Level 1:colcon.colcon_core.package_identification:_identify(.) by extension 'ignore_ament_install'
[0.118s] Level 1:colcon.colcon_core.package_identification:_identify(.) by extensions ['colcon_pkg']
[0.118s] Level 1:colcon.colcon_core.package_identification:_identify(.) by extension 'colcon_pkg'
[0.118s] Level 1:colcon.colcon_core.package_identification:_identify(.) by extensions ['colcon_meta']
[0.118s] Level 1:colcon.colcon_core.package_identification:_identify(.) by extension 'colcon_meta'
[0.118s] Level 1:colcon.colcon_core.package_identification:_identify(.) by extensions ['ros']
[0.118s] Level 1:colcon.colcon_core.package_identification:_identify(.) by extension 'ros'
[0.135s] Level 1:colcon.colcon_core.package_identification:_identify(.) by extensions ['cmake', 'python']
[0.135s] Level 1:colcon.colcon_core.package_identification:_identify(.) by extension 'cmake'
[0.135s] Level 1:colcon.colcon_core.package_identification:_identify(.) by extension 'python'
[0.135s] Level 1:colcon.colcon_core.package_identification:_identify(.) by extensions ['python_setup_py']
[0.135s] Level 1:colcon.colcon_core.package_identification:_identify(.) by extension 'python_setup_py'
[0.135s] Level 1:colcon.colcon_core.package_identification:_identify(build) by extensions ['ignore', 'ignore_ament_install']
[0.135s] Level 1:colcon.colcon_core.package_identification:_identify(build) by extension 'ignore'
[0.135s] Level 1:colcon.colcon_core.package_identification:_identify(build) ignored
[0.136s] Level 1:colcon.colcon_core.package_identification:_identify(install) by extensions ['ignore', 'ignore_ament_install']
[0.136s] Level 1:colcon.colcon_core.package_identification:_identify(install) by extension 'ignore'
[0.136s] Level 1:colcon.colcon_core.package_identification:_identify(install) ignored
[0.136s] Level 1:colcon.colcon_core.package_identification:_identify(log) by extensions ['ignore', 'ignore_ament_install']
[0.136s] Level 1:colcon.colcon_core.package_identification:_identify(log) by extension 'ignore'
[0.136s] Level 1:colcon.colcon_core.package_identification:_identify(log) ignored
[0.136s] Level 1:colcon.colcon_core.package_identification:_identify(src) by extensions ['ignore', 'ignore_ament_install']
[0.136s] Level 1:colcon.colcon_core.package_identification:_identify(src) by extension 'ignore'
[0.136s] Level 1:colcon.colcon_core.package_identification:_identify(src) by extension 'ignore_ament_install'
[0.136s] Level 1:colcon.colcon_core.package_identification:_identify(src) by extensions ['colcon_pkg']
[0.136s] Level 1:colcon.colcon_core.package_identification:_identify(src) by extension 'colcon_pkg'
[0.136s] Level 1:colcon.colcon_core.package_identification:_identify(src) by extensions ['colcon_meta']
[0.136s] Level 1:colcon.colcon_core.package_identification:_identify(src) by extension 'colcon_meta'
[0.136s] Level 1:colcon.colcon_core.package_identification:_identify(src) by extensions ['ros']
[0.136s] Level 1:colcon.colcon_core.package_identification:_identify(src) by extension 'ros'
[0.136s] Level 1:colcon.colcon_core.package_identification:_identify(src) by extensions ['cmake', 'python']
[0.136s] Level 1:colcon.colcon_core.package_identification:_identify(src) by extension 'cmake'
[0.136s] Level 1:colcon.colcon_core.package_identification:_identify(src) by extension 'python'
[0.136s] Level 1:colcon.colcon_core.package_identification:_identify(src) by extensions ['python_setup_py']
[0.136s] Level 1:colcon.colcon_core.package_identification:_identify(src) by extension 'python_setup_py'
[0.137s] Level 1:colcon.colcon_core.package_identification:_identify(src/build) by extensions ['ignore', 'ignore_ament_install']
[0.137s] Level 1:colcon.colcon_core.package_identification:_identify(src/build) by extension 'ignore'
[0.137s] Level 1:colcon.colcon_core.package_identification:_identify(src/build) ignored
[0.137s] Level 1:colcon.colcon_core.package_identification:_identify(src/install) by extensions ['ignore', 'ignore_ament_install']
[0.137s] Level 1:colcon.colcon_core.package_identification:_identify(src/install) by extension 'ignore'
[0.137s] Level 1:colcon.colcon_core.package_identification:_identify(src/install) ignored
[0.137s] Level 1:colcon.colcon_core.package_identification:_identify(src/kuka_kr6_description) by extensions ['ignore', 'ignore_ament_install']
[0.137s] Level 1:colcon.colcon_core.package_identification:_identify(src/kuka_kr6_description) by extension 'ignore'
[0.137s] Level 1:colcon.colcon_core.package_identification:_identify(src/kuka_kr6_description) by extension 'ignore_ament_install'
[0.137s] Level 1:colcon.colcon_core.package_identification:_identify(src/kuka_kr6_description) by extensions ['colcon_pkg']
[0.137s] Level 1:colcon.colcon_core.package_identification:_identify(src/kuka_kr6_description) by extension 'colcon_pkg'
[0.137s] Level 1:colcon.colcon_core.package_identification:_identify(src/kuka_kr6_description) by extensions ['colcon_meta']
[0.137s] Level 1:colcon.colcon_core.package_identification:_identify(src/kuka_kr6_description) by extension 'colcon_meta'
[0.137s] Level 1:colcon.colcon_core.package_identification:_identify(src/kuka_kr6_description) by extensions ['ros']
[0.137s] Level 1:colcon.colcon_core.package_identification:_identify(src/kuka_kr6_description) by extension 'ros'
[0.139s] DEBUG:colcon.colcon_core.package_identification:Package 'src/kuka_kr6_description' with type 'ros.ament_cmake' and name 'kuka_kr6_description'
[0.139s] Level 1:colcon.colcon_core.package_identification:_identify(src/kuka_kr6_gazebo) by extensions ['ignore', 'ignore_ament_install']
[0.139s] Level 1:colcon.colcon_core.package_identification:_identify(src/kuka_kr6_gazebo) by extension 'ignore'
[0.139s] Level 1:colcon.colcon_core.package_identification:_identify(src/kuka_kr6_gazebo) by extension 'ignore_ament_install'
[0.139s] Level 1:colcon.colcon_core.package_identification:_identify(src/kuka_kr6_gazebo) by extensions ['colcon_pkg']
[0.139s] Level 1:colcon.colcon_core.package_identification:_identify(src/kuka_kr6_gazebo) by extension 'colcon_pkg'
[0.140s] Level 1:colcon.colcon_core.package_identification:_identify(src/kuka_kr6_gazebo) by extensions ['colcon_meta']
[0.140s] Level 1:colcon.colcon_core.package_identification:_identify(src/kuka_kr6_gazebo) by extension 'colcon_meta'
[0.140s] Level 1:colcon.colcon_core.package_identification:_identify(src/kuka_kr6_gazebo) by extensions ['ros']
[0.140s] Level 1:colcon.colcon_core.package_identification:_identify(src/kuka_kr6_gazebo) by extension 'ros'
[0.140s] DEBUG:colcon.colcon_core.package_identification:Package 'src/kuka_kr6_gazebo' with type 'ros.ament_cmake' and name 'kuka_kr6_gazebo'
[0.140s] Level 1:colcon.colcon_core.package_identification:_identify(src/kuka_kr6_moveit) by extensions ['ignore', 'ignore_ament_install']
[0.140s] Level 1:colcon.colcon_core.package_identification:_identify(src/kuka_kr6_moveit) by extension 'ignore'
[0.140s] Level 1:colcon.colcon_core.package_identification:_identify(src/kuka_kr6_moveit) by extension 'ignore_ament_install'
[0.141s] Level 1:colcon.colcon_core.package_identification:_identify(src/kuka_kr6_moveit) by extensions ['colcon_pkg']
[0.141s] Level 1:colcon.colcon_core.package_identification:_identify(src/kuka_kr6_moveit) by extension 'colcon_pkg'
[0.141s] Level 1:colcon.colcon_core.package_identification:_identify(src/kuka_kr6_moveit) by extensions ['colcon_meta']
[0.141s] Level 1:colcon.colcon_core.package_identification:_identify(src/kuka_kr6_moveit) by extension 'colcon_meta'
[0.141s] Level 1:colcon.colcon_core.package_identification:_identify(src/kuka_kr6_moveit) by extensions ['ros']
[0.141s] Level 1:colcon.colcon_core.package_identification:_identify(src/kuka_kr6_moveit) by extension 'ros'
[0.141s] DEBUG:colcon.colcon_core.package_identification:Package 'src/kuka_kr6_moveit' with type 'ros.ament_cmake' and name 'kuka_kr6_moveit'
[0.142s] Level 1:colcon.colcon_core.package_identification:_identify(src/log) by extensions ['ignore', 'ignore_ament_install']
[0.142s] Level 1:colcon.colcon_core.package_identification:_identify(src/log) by extension 'ignore'
[0.142s] Level 1:colcon.colcon_core.package_identification:_identify(src/log) ignored
[0.142s] Level 1:colcon.colcon_core.package_discovery:discover_packages(recursive) using defaults
[0.142s] Level 1:colcon.colcon_core.package_discovery:discover_packages(ignore) discover
[0.142s] Level 1:colcon.colcon_core.package_discovery:discover_packages(ignore) using defaults
[0.142s] Level 1:colcon.colcon_core.package_discovery:discover_packages(path) discover
[0.142s] Level 1:colcon.colcon_core.package_discovery:discover_packages(path) using defaults
[0.156s] Level 1:colcon.colcon_core.package_discovery:discover_packages(prefix_path) check parameters
[0.156s] Level 1:colcon.colcon_core.package_discovery:discover_packages(prefix_path) discover
[0.158s] DEBUG:colcon.colcon_installed_package_information.package_discovery:Found 402 installed packages in /opt/ros/jazzy
[0.160s] Level 1:colcon.colcon_core.package_discovery:discover_packages(prefix_path) using defaults
[0.193s] Level 5:colcon.colcon_core.verb:set package 'kuka_kr6_description' build argument 'cmake_args' from command line to 'None'
[0.193s] Level 5:colcon.colcon_core.verb:set package 'kuka_kr6_description' build argument 'cmake_target' from command line to 'None'
[0.193s] Level 5:colcon.colcon_core.verb:set package 'kuka_kr6_description' build argument 'cmake_target_skip_unavailable' from command line to 'False'
[0.193s] Level 5:colcon.colcon_core.verb:set package 'kuka_kr6_description' build argument 'cmake_clean_cache' from command line to 'False'
[0.193s] Level 5:colcon.colcon_core.verb:set package 'kuka_kr6_description' build argument 'cmake_clean_first' from command line to 'False'
[0.193s] Level 5:colcon.colcon_core.verb:set package 'kuka_kr6_description' build argument 'cmake_force_configure' from command line to 'False'
[0.193s] Level 5:colcon.colcon_core.verb:set package 'kuka_kr6_description' build argument 'ament_cmake_args' from command line to 'None'
[0.193s] Level 5:colcon.colcon_core.verb:set package 'kuka_kr6_description' build argument 'catkin_cmake_args' from command line to 'None'
[0.193s] Level 5:colcon.colcon_core.verb:set package 'kuka_kr6_description' build argument 'catkin_skip_building_tests' from command line to 'False'
[0.193s] DEBUG:colcon.colcon_core.verb:Building package 'kuka_kr6_description' with the following arguments: {'ament_cmake_args': None, 'build_base': '/home/robotik/Desktop/kuka_ws/build/kuka_kr6_description', 'catkin_cmake_args': None, 'catkin_skip_building_tests': False, 'cmake_args': None, 'cmake_clean_cache': False, 'cmake_clean_first': False, 'cmake_force_configure': False, 'cmake_target': None, 'cmake_target_skip_unavailable': False, 'install_base': '/home/robotik/Desktop/kuka_ws/install/kuka_kr6_description', 'merge_install': False, 'path': '/home/robotik/Desktop/kuka_ws/src/kuka_kr6_description', 'symlink_install': True, 'test_result_base': None}
[0.193s] Level 5:colcon.colcon_core.verb:set package 'kuka_kr6_gazebo' build argument 'cmake_args' from command line to 'None'
[0.193s] Level 5:colcon.colcon_core.verb:set package 'kuka_kr6_gazebo' build argument 'cmake_target' from command line to 'None'
[0.194s] Level 5:colcon.colcon_core.verb:set package 'kuka_kr6_gazebo' build argument 'cmake_target_skip_unavailable' from command line to 'False'
[0.194s] Level 5:colcon.colcon_core.verb:set package 'kuka_kr6_gazebo' build argument 'cmake_clean_cache' from command line to 'False'
[0.194s] Level 5:colcon.colcon_core.verb:set package 'kuka_kr6_gazebo' build argument 'cmake_clean_first' from command line to 'False'
[0.194s] Level 5:colcon.colcon_core.verb:set package 'kuka_kr6_gazebo' build argument 'cmake_force_configure' from command line to 'False'
[0.194s] Level 5:colcon.colcon_core.verb:set package 'kuka_kr6_gazebo' build argument 'ament_cmake_args' from command line to 'None'
[0.194s] Level 5:colcon.colcon_core.verb:set package 'kuka_kr6_gazebo' build argument 'catkin_cmake_args' from command line to 'None'
[0.194s] Level 5:colcon.colcon_core.verb:set package 'kuka_kr6_gazebo' build argument 'catkin_skip_building_tests' from command line to 'False'
[0.194s] DEBUG:colcon.colcon_core.verb:Building package 'kuka_kr6_gazebo' with the following arguments: {'ament_cmake_args': None, 'build_base': '/home/robotik/Desktop/kuka_ws/build/kuka_kr6_gazebo', 'catkin_cmake_args': None, 'catkin_skip_building_tests': False, 'cmake_args': None, 'cmake_clean_cache': False, 'cmake_clean_first': False, 'cmake_force_configure': False, 'cmake_target': None, 'cmake_target_skip_unavailable': False, 'install_base': '/home/robotik/Desktop/kuka_ws/install/kuka_kr6_gazebo', 'merge_install': False, 'path': '/home/robotik/Desktop/kuka_ws/src/kuka_kr6_gazebo', 'symlink_install': True, 'test_result_base': None}
[0.194s] Level 5:colcon.colcon_core.verb:set package 'kuka_kr6_moveit' build argument 'cmake_args' from command line to 'None'
[0.194s] Level 5:colcon.colcon_core.verb:set package 'kuka_kr6_moveit' build argument 'cmake_target' from command line to 'None'
[0.194s] Level 5:colcon.colcon_core.verb:set package 'kuka_kr6_moveit' build argument 'cmake_target_skip_unavailable' from command line to 'False'
[0.194s] Level 5:colcon.colcon_core.verb:set package 'kuka_kr6_moveit' build argument 'cmake_clean_cache' from command line to 'False'
[0.194s] Level 5:colcon.colcon_core.verb:set package 'kuka_kr6_moveit' build argument 'cmake_clean_first' from command line to 'False'
[0.194s] Level 5:colcon.colcon_core.verb:set package 'kuka_kr6_moveit' build argument 'cmake_force_configure' from command line to 'False'
[0.194s] Level 5:colcon.colcon_core.verb:set package 'kuka_kr6_moveit' build argument 'ament_cmake_args' from command line to 'None'
[0.194s] Level 5:colcon.colcon_core.verb:set package 'kuka_kr6_moveit' build argument 'catkin_cmake_args' from command line to 'None'
[0.194s] Level 5:colcon.colcon_core.verb:set package 'kuka_kr6_moveit' build argument 'catkin_skip_building_tests' from command line to 'False'
[0.194s] DEBUG:colcon.colcon_core.verb:Building package 'kuka_kr6_moveit' with the following arguments: {'ament_cmake_args': None, 'build_base': '/home/robotik/Desktop/kuka_ws/build/kuka_kr6_moveit', 'catkin_cmake_args': None, 'catkin_skip_building_tests': False, 'cmake_args': None, 'cmake_clean_cache': False, 'cmake_clean_first': False, 'cmake_force_configure': False, 'cmake_target': None, 'cmake_target_skip_unavailable': False, 'install_base': '/home/robotik/Desktop/kuka_ws/install/kuka_kr6_moveit', 'merge_install': False, 'path': '/home/robotik/Desktop/kuka_ws/src/kuka_kr6_moveit', 'symlink_install': True, 'test_result_base': None}
[0.194s] INFO:colcon.colcon_core.executor:Executing jobs using 'parallel' executor
[0.195s] DEBUG:colcon.colcon_parallel_executor.executor.parallel:run_until_complete
[0.195s] INFO:colcon.colcon_ros.task.ament_cmake.build:Building ROS package in '/home/robotik/Desktop/kuka_ws/src/kuka_kr6_description' with build type 'ament_cmake'
[0.195s] INFO:colcon.colcon_cmake.task.cmake.build:Building CMake package in '/home/robotik/Desktop/kuka_ws/src/kuka_kr6_description'
[0.197s] INFO:colcon.colcon_core.plugin_system:Skipping extension 'colcon_core.shell.bat': Not used on non-Windows systems
[0.197s] INFO:colcon.colcon_core.shell:Skip shell extension 'powershell' for command environment: Not usable outside of PowerShell
[0.197s] DEBUG:colcon.colcon_core.shell:Skip shell extension 'dsv' for command environment
[0.203s] DEBUG:colcon.colcon_core.event_handler.log_command:Invoking command in '/home/robotik/Desktop/kuka_ws/build/kuka_kr6_description': CMAKE_PREFIX_PATH=${CMAKE_PREFIX_PATH}:/opt/ros/jazzy DEBUGINFOD_URLS=https://debuginfod.ubuntu.com /usr/bin/cmake --build /home/robotik/Desktop/kuka_ws/build/kuka_kr6_description -- -j16 -l16
[0.233s] DEBUG:colcon.colcon_core.event_handler.log_command:Invoked command in '/home/robotik/Desktop/kuka_ws/build/kuka_kr6_description' returned '0': CMAKE_PREFIX_PATH=${CMAKE_PREFIX_PATH}:/opt/ros/jazzy DEBUGINFOD_URLS=https://debuginfod.ubuntu.com /usr/bin/cmake --build /home/robotik/Desktop/kuka_ws/build/kuka_kr6_description -- -j16 -l16
[0.239s] DEBUG:colcon.colcon_core.event_handler.log_command:Invoking command in '/home/robotik/Desktop/kuka_ws/build/kuka_kr6_description': CMAKE_PREFIX_PATH=${CMAKE_PREFIX_PATH}:/opt/ros/jazzy DEBUGINFOD_URLS=https://debuginfod.ubuntu.com /usr/bin/cmake --install /home/robotik/Desktop/kuka_ws/build/kuka_kr6_description
[0.255s] Level 1:colcon.colcon_core.environment:create_environment_scripts_only(kuka_kr6_description)
[0.255s] DEBUG:colcon.colcon_core.event_handler.log_command:Invoked command in '/home/robotik/Desktop/kuka_ws/build/kuka_kr6_description' returned '0': CMAKE_PREFIX_PATH=${CMAKE_PREFIX_PATH}:/opt/ros/jazzy DEBUGINFOD_URLS=https://debuginfod.ubuntu.com /usr/bin/cmake --install /home/robotik/Desktop/kuka_ws/build/kuka_kr6_description
[0.258s] Level 1:colcon.colcon_core.environment:checking '/home/robotik/Desktop/kuka_ws/install/kuka_kr6_description' for CMake module files
[0.259s] Level 1:colcon.colcon_core.environment:checking '/home/robotik/Desktop/kuka_ws/install/kuka_kr6_description' for CMake config files
[0.259s] Level 1:colcon.colcon_core.shell:create_environment_hook('kuka_kr6_description', 'cmake_prefix_path')
[0.259s] INFO:colcon.colcon_core.shell:Creating environment hook '/home/robotik/Desktop/kuka_ws/install/kuka_kr6_description/share/kuka_kr6_description/hook/cmake_prefix_path.ps1'
[0.260s] INFO:colcon.colcon_core.shell:Creating environment descriptor '/home/robotik/Desktop/kuka_ws/install/kuka_kr6_description/share/kuka_kr6_description/hook/cmake_prefix_path.dsv'
[0.260s] INFO:colcon.colcon_core.shell:Creating environment hook '/home/robotik/Desktop/kuka_ws/install/kuka_kr6_description/share/kuka_kr6_description/hook/cmake_prefix_path.sh'
[0.261s] Level 1:colcon.colcon_core.environment:checking '/home/robotik/Desktop/kuka_ws/install/kuka_kr6_description/bin'
[0.261s] Level 1:colcon.colcon_core.environment:checking '/home/robotik/Desktop/kuka_ws/install/kuka_kr6_description/lib/pkgconfig/kuka_kr6_description.pc'
[0.261s] Level 1:colcon.colcon_core.environment:checking '/home/robotik/Desktop/kuka_ws/install/kuka_kr6_description/lib/python3.12/site-packages'
[0.261s] Level 1:colcon.colcon_core.environment:checking '/home/robotik/Desktop/kuka_ws/install/kuka_kr6_description/bin'
[0.261s] INFO:colcon.colcon_core.shell:Creating package script '/home/robotik/Desktop/kuka_ws/install/kuka_kr6_description/share/kuka_kr6_description/package.ps1'
[0.262s] INFO:colcon.colcon_core.shell:Creating package descriptor '/home/robotik/Desktop/kuka_ws/install/kuka_kr6_description/share/kuka_kr6_description/package.dsv'
[0.262s] INFO:colcon.colcon_core.shell:Creating package script '/home/robotik/Desktop/kuka_ws/install/kuka_kr6_description/share/kuka_kr6_description/package.sh'
[0.263s] INFO:colcon.colcon_core.shell:Creating package script '/home/robotik/Desktop/kuka_ws/install/kuka_kr6_description/share/kuka_kr6_description/package.bash'
[0.264s] INFO:colcon.colcon_core.shell:Creating package script '/home/robotik/Desktop/kuka_ws/install/kuka_kr6_description/share/kuka_kr6_description/package.zsh'
[0.264s] Level 1:colcon.colcon_core.environment:create_file_with_runtime_dependencies(/home/robotik/Desktop/kuka_ws/install/kuka_kr6_description/share/colcon-core/packages/kuka_kr6_description)
[0.265s] Level 1:colcon.colcon_core.environment:create_environment_scripts_only(kuka_kr6_description)
[0.265s] Level 1:colcon.colcon_core.environment:checking '/home/robotik/Desktop/kuka_ws/install/kuka_kr6_description' for CMake module files
[0.265s] Level 1:colcon.colcon_core.environment:checking '/home/robotik/Desktop/kuka_ws/install/kuka_kr6_description' for CMake config files
[0.266s] Level 1:colcon.colcon_core.shell:create_environment_hook('kuka_kr6_description', 'cmake_prefix_path')
[0.266s] INFO:colcon.colcon_core.shell:Creating environment hook '/home/robotik/Desktop/kuka_ws/install/kuka_kr6_description/share/kuka_kr6_description/hook/cmake_prefix_path.ps1'
[0.266s] INFO:colcon.colcon_core.shell:Creating environment descriptor '/home/robotik/Desktop/kuka_ws/install/kuka_kr6_description/share/kuka_kr6_description/hook/cmake_prefix_path.dsv'
[0.266s] INFO:colcon.colcon_core.shell:Creating environment hook '/home/robotik/Desktop/kuka_ws/install/kuka_kr6_description/share/kuka_kr6_description/hook/cmake_prefix_path.sh'
[0.267s] Level 1:colcon.colcon_core.environment:checking '/home/robotik/Desktop/kuka_ws/install/kuka_kr6_description/bin'
[0.267s] Level 1:colcon.colcon_core.environment:checking '/home/robotik/Desktop/kuka_ws/install/kuka_kr6_description/lib/pkgconfig/kuka_kr6_description.pc'
[0.267s] Level 1:colcon.colcon_core.environment:checking '/home/robotik/Desktop/kuka_ws/install/kuka_kr6_description/lib/python3.12/site-packages'
[0.267s] Level 1:colcon.colcon_core.environment:checking '/home/robotik/Desktop/kuka_ws/install/kuka_kr6_description/bin'
[0.267s] INFO:colcon.colcon_core.shell:Creating package script '/home/robotik/Desktop/kuka_ws/install/kuka_kr6_description/share/kuka_kr6_description/package.ps1'
[0.268s] INFO:colcon.colcon_core.shell:Creating package descriptor '/home/robotik/Desktop/kuka_ws/install/kuka_kr6_description/share/kuka_kr6_description/package.dsv'
[0.268s] INFO:colcon.colcon_core.shell:Creating package script '/home/robotik/Desktop/kuka_ws/install/kuka_kr6_description/share/kuka_kr6_description/package.sh'
[0.268s] INFO:colcon.colcon_core.shell:Creating package script '/home/robotik/Desktop/kuka_ws/install/kuka_kr6_description/share/kuka_kr6_description/package.bash'
[0.269s] INFO:colcon.colcon_core.shell:Creating package script '/home/robotik/Desktop/kuka_ws/install/kuka_kr6_description/share/kuka_kr6_description/package.zsh'
[0.269s] Level 1:colcon.colcon_core.environment:create_file_with_runtime_dependencies(/home/robotik/Desktop/kuka_ws/install/kuka_kr6_description/share/colcon-core/packages/kuka_kr6_description)
[0.269s] INFO:colcon.colcon_ros.task.ament_cmake.build:Building ROS package in '/home/robotik/Desktop/kuka_ws/src/kuka_kr6_gazebo' with build type 'ament_cmake'
[0.269s] INFO:colcon.colcon_cmake.task.cmake.build:Building CMake package in '/home/robotik/Desktop/kuka_ws/src/kuka_kr6_gazebo'
[0.270s] INFO:colcon.colcon_core.shell:Skip shell extension 'powershell' for command environment: Not usable outside of PowerShell
[0.270s] DEBUG:colcon.colcon_core.shell:Skip shell extension 'dsv' for command environment
[0.272s] INFO:colcon.colcon_ros.task.ament_cmake.build:Building ROS package in '/home/robotik/Desktop/kuka_ws/src/kuka_kr6_moveit' with build type 'ament_cmake'
[0.272s] INFO:colcon.colcon_cmake.task.cmake.build:Building CMake package in '/home/robotik/Desktop/kuka_ws/src/kuka_kr6_moveit'
[0.272s] INFO:colcon.colcon_core.shell:Skip shell extension 'powershell' for command environment: Not usable outside of PowerShell
[0.272s] DEBUG:colcon.colcon_core.shell:Skip shell extension 'dsv' for command environment
[0.277s] DEBUG:colcon.colcon_core.event_handler.log_command:Invoking command in '/home/robotik/Desktop/kuka_ws/build/kuka_kr6_gazebo': AMENT_PREFIX_PATH=/home/robotik/Desktop/kuka_ws/install/kuka_kr6_description:${AMENT_PREFIX_PATH} CMAKE_PREFIX_PATH=/home/robotik/Desktop/kuka_ws/install/kuka_kr6_description:/opt/ros/jazzy/opt/gz_sim_vendor:/opt/ros/jazzy/opt/gz_sensors_vendor:/opt/ros/jazzy/opt/gz_physics_vendor:/opt/ros/jazzy/opt/sdformat_vendor:/opt/ros/jazzy/opt/gz_gui_vendor:/opt/ros/jazzy/opt/gz_transport_vendor:/opt/ros/jazzy/opt/gz_rendering_vendor:/opt/ros/jazzy/opt/gz_plugin_vendor:/opt/ros/jazzy/opt/gz_fuel_tools_vendor:/opt/ros/jazzy/opt/gz_msgs_vendor:/opt/ros/jazzy/opt/gz_common_vendor:/opt/ros/jazzy/opt/gz_math_vendor:/opt/ros/jazzy/opt/gz_utils_vendor:/opt/ros/jazzy/opt/gz_tools_vendor:/opt/ros/jazzy/opt/gz_ogre_next_vendor:/opt/ros/jazzy/opt/gz_dartsim_vendor:/opt/ros/jazzy/opt/gz_cmake_vendor:/opt/ros/jazzy DEBUGINFOD_URLS=https://debuginfod.ubuntu.com /usr/bin/cmake --build /home/robotik/Desktop/kuka_ws/build/kuka_kr6_gazebo -- -j16 -l16
[0.278s] DEBUG:colcon.colcon_core.event_handler.log_command:Invoking command in '/home/robotik/Desktop/kuka_ws/build/kuka_kr6_moveit': AMENT_PREFIX_PATH=/home/robotik/Desktop/kuka_ws/install/kuka_kr6_description:${AMENT_PREFIX_PATH} CMAKE_PREFIX_PATH=/home/robotik/Desktop/kuka_ws/install/kuka_kr6_description:/opt/ros/jazzy/opt/gz_sim_vendor:/opt/ros/jazzy/opt/gz_sensors_vendor:/opt/ros/jazzy/opt/gz_physics_vendor:/opt/ros/jazzy/opt/sdformat_vendor:/opt/ros/jazzy/opt/gz_gui_vendor:/opt/ros/jazzy/opt/gz_transport_vendor:/opt/ros/jazzy/opt/gz_rendering_vendor:/opt/ros/jazzy/opt/gz_plugin_vendor:/opt/ros/jazzy/opt/gz_fuel_tools_vendor:/opt/ros/jazzy/opt/gz_msgs_vendor:/opt/ros/jazzy/opt/gz_common_vendor:/opt/ros/jazzy/opt/gz_math_vendor:/opt/ros/jazzy/opt/gz_utils_vendor:/opt/ros/jazzy/opt/gz_tools_vendor:/opt/ros/jazzy/opt/gz_ogre_next_vendor:/opt/ros/jazzy/opt/gz_dartsim_vendor:/opt/ros/jazzy/opt/gz_cmake_vendor:/opt/ros/jazzy DEBUGINFOD_URLS=https://debuginfod.ubuntu.com /usr/bin/cmake --build /home/robotik/Desktop/kuka_ws/build/kuka_kr6_moveit -- -j16 -l16
[0.302s] DEBUG:colcon.colcon_core.event_handler.log_command:Invoked command in '/home/robotik/Desktop/kuka_ws/build/kuka_kr6_moveit' returned '0': AMENT_PREFIX_PATH=/home/robotik/Desktop/kuka_ws/install/kuka_kr6_description:${AMENT_PREFIX_PATH} CMAKE_PREFIX_PATH=/home/robotik/Desktop/kuka_ws/install/kuka_kr6_description:/opt/ros/jazzy/opt/gz_sim_vendor:/opt/ros/jazzy/opt/gz_sensors_vendor:/opt/ros/jazzy/opt/gz_physics_vendor:/opt/ros/jazzy/opt/sdformat_vendor:/opt/ros/jazzy/opt/gz_gui_vendor:/opt/ros/jazzy/opt/gz_transport_vendor:/opt/ros/jazzy/opt/gz_rendering_vendor:/opt/ros/jazzy/opt/gz_plugin_vendor:/opt/ros/jazzy/opt/gz_fuel_tools_vendor:/opt/ros/jazzy/opt/gz_msgs_vendor:/opt/ros/jazzy/opt/gz_common_vendor:/opt/ros/jazzy/opt/gz_math_vendor:/opt/ros/jazzy/opt/gz_utils_vendor:/opt/ros/jazzy/opt/gz_tools_vendor:/opt/ros/jazzy/opt/gz_ogre_next_vendor:/opt/ros/jazzy/opt/gz_dartsim_vendor:/opt/ros/jazzy/opt/gz_cmake_vendor:/opt/ros/jazzy DEBUGINFOD_URLS=https://debuginfod.ubuntu.com /usr/bin/cmake --build /home/robotik/Desktop/kuka_ws/build/kuka_kr6_moveit -- -j16 -l16
[0.303s] DEBUG:colcon.colcon_core.event_handler.log_command:Invoking command in '/home/robotik/Desktop/kuka_ws/build/kuka_kr6_moveit': AMENT_PREFIX_PATH=/home/robotik/Desktop/kuka_ws/install/kuka_kr6_description:${AMENT_PREFIX_PATH} CMAKE_PREFIX_PATH=/home/robotik/Desktop/kuka_ws/install/kuka_kr6_description:/opt/ros/jazzy/opt/gz_sim_vendor:/opt/ros/jazzy/opt/gz_sensors_vendor:/opt/ros/jazzy/opt/gz_physics_vendor:/opt/ros/jazzy/opt/sdformat_vendor:/opt/ros/jazzy/opt/gz_gui_vendor:/opt/ros/jazzy/opt/gz_transport_vendor:/opt/ros/jazzy/opt/gz_rendering_vendor:/opt/ros/jazzy/opt/gz_plugin_vendor:/opt/ros/jazzy/opt/gz_fuel_tools_vendor:/opt/ros/jazzy/opt/gz_msgs_vendor:/opt/ros/jazzy/opt/gz_common_vendor:/opt/ros/jazzy/opt/gz_math_vendor:/opt/ros/jazzy/opt/gz_utils_vendor:/opt/ros/jazzy/opt/gz_tools_vendor:/opt/ros/jazzy/opt/gz_ogre_next_vendor:/opt/ros/jazzy/opt/gz_dartsim_vendor:/opt/ros/jazzy/opt/gz_cmake_vendor:/opt/ros/jazzy DEBUGINFOD_URLS=https://debuginfod.ubuntu.com /usr/bin/cmake --install /home/robotik/Desktop/kuka_ws/build/kuka_kr6_moveit
[0.303s] DEBUG:colcon.colcon_core.event_handler.log_command:Invoked command in '/home/robotik/Desktop/kuka_ws/build/kuka_kr6_gazebo' returned '0': AMENT_PREFIX_PATH=/home/robotik/Desktop/kuka_ws/install/kuka_kr6_description:${AMENT_PREFIX_PATH} CMAKE_PREFIX_PATH=/home/robotik/Desktop/kuka_ws/install/kuka_kr6_description:/opt/ros/jazzy/opt/gz_sim_vendor:/opt/ros/jazzy/opt/gz_sensors_vendor:/opt/ros/jazzy/opt/gz_physics_vendor:/opt/ros/jazzy/opt/sdformat_vendor:/opt/ros/jazzy/opt/gz_gui_vendor:/opt/ros/jazzy/opt/gz_transport_vendor:/opt/ros/jazzy/opt/gz_rendering_vendor:/opt/ros/jazzy/opt/gz_plugin_vendor:/opt/ros/jazzy/opt/gz_fuel_tools_vendor:/opt/ros/jazzy/opt/gz_msgs_vendor:/opt/ros/jazzy/opt/gz_common_vendor:/opt/ros/jazzy/opt/gz_math_vendor:/opt/ros/jazzy/opt/gz_utils_vendor:/opt/ros/jazzy/opt/gz_tools_vendor:/opt/ros/jazzy/opt/gz_ogre_next_vendor:/opt/ros/jazzy/opt/gz_dartsim_vendor:/opt/ros/jazzy/opt/gz_cmake_vendor:/opt/ros/jazzy DEBUGINFOD_URLS=https://debuginfod.ubuntu.com /usr/bin/cmake --build /home/robotik/Desktop/kuka_ws/build/kuka_kr6_gazebo -- -j16 -l16
[0.304s] DEBUG:colcon.colcon_core.event_handler.log_command:Invoking command in '/home/robotik/Desktop/kuka_ws/build/kuka_kr6_gazebo': AMENT_PREFIX_PATH=/home/robotik/Desktop/kuka_ws/install/kuka_kr6_description:${AMENT_PREFIX_PATH} CMAKE_PREFIX_PATH=/home/robotik/Desktop/kuka_ws/install/kuka_kr6_description:/opt/ros/jazzy/opt/gz_sim_vendor:/opt/ros/jazzy/opt/gz_sensors_vendor:/opt/ros/jazzy/opt/gz_physics_vendor:/opt/ros/jazzy/opt/sdformat_vendor:/opt/ros/jazzy/opt/gz_gui_vendor:/opt/ros/jazzy/opt/gz_transport_vendor:/opt/ros/jazzy/opt/gz_rendering_vendor:/opt/ros/jazzy/opt/gz_plugin_vendor:/opt/ros/jazzy/opt/gz_fuel_tools_vendor:/opt/ros/jazzy/opt/gz_msgs_vendor:/opt/ros/jazzy/opt/gz_common_vendor:/opt/ros/jazzy/opt/gz_math_vendor:/opt/ros/jazzy/opt/gz_utils_vendor:/opt/ros/jazzy/opt/gz_tools_vendor:/opt/ros/jazzy/opt/gz_ogre_next_vendor:/opt/ros/jazzy/opt/gz_dartsim_vendor:/opt/ros/jazzy/opt/gz_cmake_vendor:/opt/ros/jazzy DEBUGINFOD_URLS=https://debuginfod.ubuntu.com /usr/bin/cmake --install /home/robotik/Desktop/kuka_ws/build/kuka_kr6_gazebo
[0.317s] Level 1:colcon.colcon_core.environment:create_environment_scripts_only(kuka_kr6_moveit)
[0.317s] Level 1:colcon.colcon_core.environment:checking '/home/robotik/Desktop/kuka_ws/install/kuka_kr6_moveit' for CMake module files
[0.317s] DEBUG:colcon.colcon_core.event_handler.log_command:Invoked command in '/home/robotik/Desktop/kuka_ws/build/kuka_kr6_moveit' returned '0': AMENT_PREFIX_PATH=/home/robotik/Desktop/kuka_ws/install/kuka_kr6_description:${AMENT_PREFIX_PATH} CMAKE_PREFIX_PATH=/home/robotik/Desktop/kuka_ws/install/kuka_kr6_description:/opt/ros/jazzy/opt/gz_sim_vendor:/opt/ros/jazzy/opt/gz_sensors_vendor:/opt/ros/jazzy/opt/gz_physics_vendor:/opt/ros/jazzy/opt/sdformat_vendor:/opt/ros/jazzy/opt/gz_gui_vendor:/opt/ros/jazzy/opt/gz_transport_vendor:/opt/ros/jazzy/opt/gz_rendering_vendor:/opt/ros/jazzy/opt/gz_plugin_vendor:/opt/ros/jazzy/opt/gz_fuel_tools_vendor:/opt/ros/jazzy/opt/gz_msgs_vendor:/opt/ros/jazzy/opt/gz_common_vendor:/opt/ros/jazzy/opt/gz_math_vendor:/opt/ros/jazzy/opt/gz_utils_vendor:/opt/ros/jazzy/opt/gz_tools_vendor:/opt/ros/jazzy/opt/gz_ogre_next_vendor:/opt/ros/jazzy/opt/gz_dartsim_vendor:/opt/ros/jazzy/opt/gz_cmake_vendor:/opt/ros/jazzy DEBUGINFOD_URLS=https://debuginfod.ubuntu.com /usr/bin/cmake --install /home/robotik/Desktop/kuka_ws/build/kuka_kr6_moveit
[0.317s] Level 1:colcon.colcon_core.environment:checking '/home/robotik/Desktop/kuka_ws/install/kuka_kr6_moveit' for CMake config files
[0.318s] Level 1:colcon.colcon_core.shell:create_environment_hook('kuka_kr6_moveit', 'cmake_prefix_path')
[0.318s] INFO:colcon.colcon_core.shell:Creating environment hook '/home/robotik/Desktop/kuka_ws/install/kuka_kr6_moveit/share/kuka_kr6_moveit/hook/cmake_prefix_path.ps1'
[0.318s] INFO:colcon.colcon_core.shell:Creating environment descriptor '/home/robotik/Desktop/kuka_ws/install/kuka_kr6_moveit/share/kuka_kr6_moveit/hook/cmake_prefix_path.dsv'
[0.318s] INFO:colcon.colcon_core.shell:Creating environment hook '/home/robotik/Desktop/kuka_ws/install/kuka_kr6_moveit/share/kuka_kr6_moveit/hook/cmake_prefix_path.sh'
[0.319s] Level 1:colcon.colcon_core.environment:checking '/home/robotik/Desktop/kuka_ws/install/kuka_kr6_moveit/bin'
[0.319s] Level 1:colcon.colcon_core.environment:checking '/home/robotik/Desktop/kuka_ws/install/kuka_kr6_moveit/lib/pkgconfig/kuka_kr6_moveit.pc'
[0.319s] Level 1:colcon.colcon_core.environment:checking '/home/robotik/Desktop/kuka_ws/install/kuka_kr6_moveit/lib/python3.12/site-packages'
[0.319s] Level 1:colcon.colcon_core.environment:checking '/home/robotik/Desktop/kuka_ws/install/kuka_kr6_moveit/bin'
[0.319s] INFO:colcon.colcon_core.shell:Creating package script '/home/robotik/Desktop/kuka_ws/install/kuka_kr6_moveit/share/kuka_kr6_moveit/package.ps1'
[0.320s] INFO:colcon.colcon_core.shell:Creating package descriptor '/home/robotik/Desktop/kuka_ws/install/kuka_kr6_moveit/share/kuka_kr6_moveit/package.dsv'
[0.320s] INFO:colcon.colcon_core.shell:Creating package script '/home/robotik/Desktop/kuka_ws/install/kuka_kr6_moveit/share/kuka_kr6_moveit/package.sh'
[0.320s] INFO:colcon.colcon_core.shell:Creating package script '/home/robotik/Desktop/kuka_ws/install/kuka_kr6_moveit/share/kuka_kr6_moveit/package.bash'
[0.320s] INFO:colcon.colcon_core.shell:Creating package script '/home/robotik/Desktop/kuka_ws/install/kuka_kr6_moveit/share/kuka_kr6_moveit/package.zsh'
[0.321s] Level 1:colcon.colcon_core.environment:create_file_with_runtime_dependencies(/home/robotik/Desktop/kuka_ws/install/kuka_kr6_moveit/share/colcon-core/packages/kuka_kr6_moveit)
[0.321s] Level 1:colcon.colcon_core.environment:create_environment_scripts_only(kuka_kr6_moveit)
[0.321s] Level 1:colcon.colcon_core.environment:checking '/home/robotik/Desktop/kuka_ws/install/kuka_kr6_moveit' for CMake module files
[0.321s] Level 1:colcon.colcon_core.environment:checking '/home/robotik/Desktop/kuka_ws/install/kuka_kr6_moveit' for CMake config files
[0.321s] Level 1:colcon.colcon_core.shell:create_environment_hook('kuka_kr6_moveit', 'cmake_prefix_path')
[0.321s] INFO:colcon.colcon_core.shell:Creating environment hook '/home/robotik/Desktop/kuka_ws/install/kuka_kr6_moveit/share/kuka_kr6_moveit/hook/cmake_prefix_path.ps1'
[0.322s] INFO:colcon.colcon_core.shell:Creating environment descriptor '/home/robotik/Desktop/kuka_ws/install/kuka_kr6_moveit/share/kuka_kr6_moveit/hook/cmake_prefix_path.dsv'
[0.322s] INFO:colcon.colcon_core.shell:Creating environment hook '/home/robotik/Desktop/kuka_ws/install/kuka_kr6_moveit/share/kuka_kr6_moveit/hook/cmake_prefix_path.sh'
[0.322s] Level 1:colcon.colcon_core.environment:checking '/home/robotik/Desktop/kuka_ws/install/kuka_kr6_moveit/bin'
[0.322s] Level 1:colcon.colcon_core.environment:checking '/home/robotik/Desktop/kuka_ws/install/kuka_kr6_moveit/lib/pkgconfig/kuka_kr6_moveit.pc'
[0.322s] Level 1:colcon.colcon_core.environment:checking '/home/robotik/Desktop/kuka_ws/install/kuka_kr6_moveit/lib/python3.12/site-packages'
[0.323s] Level 1:colcon.colcon_core.environment:checking '/home/robotik/Desktop/kuka_ws/install/kuka_kr6_moveit/bin'
[0.323s] INFO:colcon.colcon_core.shell:Creating package script '/home/robotik/Desktop/kuka_ws/install/kuka_kr6_moveit/share/kuka_kr6_moveit/package.ps1'
[0.323s] INFO:colcon.colcon_core.shell:Creating package descriptor '/home/robotik/Desktop/kuka_ws/install/kuka_kr6_moveit/share/kuka_kr6_moveit/package.dsv'
[0.323s] INFO:colcon.colcon_core.shell:Creating package script '/home/robotik/Desktop/kuka_ws/install/kuka_kr6_moveit/share/kuka_kr6_moveit/package.sh'
[0.324s] INFO:colcon.colcon_core.shell:Creating package script '/home/robotik/Desktop/kuka_ws/install/kuka_kr6_moveit/share/kuka_kr6_moveit/package.bash'
[0.324s] INFO:colcon.colcon_core.shell:Creating package script '/home/robotik/Desktop/kuka_ws/install/kuka_kr6_moveit/share/kuka_kr6_moveit/package.zsh'
[0.324s] Level 1:colcon.colcon_core.environment:create_file_with_runtime_dependencies(/home/robotik/Desktop/kuka_ws/install/kuka_kr6_moveit/share/colcon-core/packages/kuka_kr6_moveit)
[0.325s] Level 1:colcon.colcon_core.environment:create_environment_scripts_only(kuka_kr6_gazebo)
[0.325s] Level 1:colcon.colcon_core.environment:checking '/home/robotik/Desktop/kuka_ws/install/kuka_kr6_gazebo' for CMake module files
[0.325s] DEBUG:colcon.colcon_core.event_handler.log_command:Invoked command in '/home/robotik/Desktop/kuka_ws/build/kuka_kr6_gazebo' returned '0': AMENT_PREFIX_PATH=/home/robotik/Desktop/kuka_ws/install/kuka_kr6_description:${AMENT_PREFIX_PATH} CMAKE_PREFIX_PATH=/home/robotik/Desktop/kuka_ws/install/kuka_kr6_description:/opt/ros/jazzy/opt/gz_sim_vendor:/opt/ros/jazzy/opt/gz_sensors_vendor:/opt/ros/jazzy/opt/gz_physics_vendor:/opt/ros/jazzy/opt/sdformat_vendor:/opt/ros/jazzy/opt/gz_gui_vendor:/opt/ros/jazzy/opt/gz_transport_vendor:/opt/ros/jazzy/opt/gz_rendering_vendor:/opt/ros/jazzy/opt/gz_plugin_vendor:/opt/ros/jazzy/opt/gz_fuel_tools_vendor:/opt/ros/jazzy/opt/gz_msgs_vendor:/opt/ros/jazzy/opt/gz_common_vendor:/opt/ros/jazzy/opt/gz_math_vendor:/opt/ros/jazzy/opt/gz_utils_vendor:/opt/ros/jazzy/opt/gz_tools_vendor:/opt/ros/jazzy/opt/gz_ogre_next_vendor:/opt/ros/jazzy/opt/gz_dartsim_vendor:/opt/ros/jazzy/opt/gz_cmake_vendor:/opt/ros/jazzy DEBUGINFOD_URLS=https://debuginfod.ubuntu.com /usr/bin/cmake --install /home/robotik/Desktop/kuka_ws/build/kuka_kr6_gazebo
[0.325s] Level 1:colcon.colcon_core.environment:checking '/home/robotik/Desktop/kuka_ws/install/kuka_kr6_gazebo' for CMake config files
[0.325s] Level 1:colcon.colcon_core.shell:create_environment_hook('kuka_kr6_gazebo', 'cmake_prefix_path')
[0.325s] INFO:colcon.colcon_core.shell:Creating environment hook '/home/robotik/Desktop/kuka_ws/install/kuka_kr6_gazebo/share/kuka_kr6_gazebo/hook/cmake_prefix_path.ps1'
[0.326s] INFO:colcon.colcon_core.shell:Creating environment descriptor '/home/robotik/Desktop/kuka_ws/install/kuka_kr6_gazebo/share/kuka_kr6_gazebo/hook/cmake_prefix_path.dsv'
[0.326s] INFO:colcon.colcon_core.shell:Creating environment hook '/home/robotik/Desktop/kuka_ws/install/kuka_kr6_gazebo/share/kuka_kr6_gazebo/hook/cmake_prefix_path.sh'
[0.326s] Level 1:colcon.colcon_core.environment:checking '/home/robotik/Desktop/kuka_ws/install/kuka_kr6_gazebo/bin'
[0.326s] Level 1:colcon.colcon_core.environment:checking '/home/robotik/Desktop/kuka_ws/install/kuka_kr6_gazebo/lib/pkgconfig/kuka_kr6_gazebo.pc'
[0.326s] Level 1:colcon.colcon_core.environment:checking '/home/robotik/Desktop/kuka_ws/install/kuka_kr6_gazebo/lib/python3.12/site-packages'
[0.327s] Level 1:colcon.colcon_core.environment:checking '/home/robotik/Desktop/kuka_ws/install/kuka_kr6_gazebo/bin'
[0.327s] INFO:colcon.colcon_core.shell:Creating package script '/home/robotik/Desktop/kuka_ws/install/kuka_kr6_gazebo/share/kuka_kr6_gazebo/package.ps1'
[0.327s] INFO:colcon.colcon_core.shell:Creating package descriptor '/home/robotik/Desktop/kuka_ws/install/kuka_kr6_gazebo/share/kuka_kr6_gazebo/package.dsv'
[0.327s] INFO:colcon.colcon_core.shell:Creating package script '/home/robotik/Desktop/kuka_ws/install/kuka_kr6_gazebo/share/kuka_kr6_gazebo/package.sh'
[0.328s] INFO:colcon.colcon_core.shell:Creating package script '/home/robotik/Desktop/kuka_ws/install/kuka_kr6_gazebo/share/kuka_kr6_gazebo/package.bash'
[0.328s] INFO:colcon.colcon_core.shell:Creating package script '/home/robotik/Desktop/kuka_ws/install/kuka_kr6_gazebo/share/kuka_kr6_gazebo/package.zsh'
[0.328s] Level 1:colcon.colcon_core.environment:create_file_with_runtime_dependencies(/home/robotik/Desktop/kuka_ws/install/kuka_kr6_gazebo/share/colcon-core/packages/kuka_kr6_gazebo)
[0.328s] Level 1:colcon.colcon_core.environment:create_environment_scripts_only(kuka_kr6_gazebo)
[0.328s] Level 1:colcon.colcon_core.environment:checking '/home/robotik/Desktop/kuka_ws/install/kuka_kr6_gazebo' for CMake module files
[0.329s] Level 1:colcon.colcon_core.environment:checking '/home/robotik/Desktop/kuka_ws/install/kuka_kr6_gazebo' for CMake config files
[0.329s] Level 1:colcon.colcon_core.shell:create_environment_hook('kuka_kr6_gazebo', 'cmake_prefix_path')
[0.329s] INFO:colcon.colcon_core.shell:Creating environment hook '/home/robotik/Desktop/kuka_ws/install/kuka_kr6_gazebo/share/kuka_kr6_gazebo/hook/cmake_prefix_path.ps1'
[0.329s] INFO:colcon.colcon_core.shell:Creating environment descriptor '/home/robotik/Desktop/kuka_ws/install/kuka_kr6_gazebo/share/kuka_kr6_gazebo/hook/cmake_prefix_path.dsv'
[0.329s] INFO:colcon.colcon_core.shell:Creating environment hook '/home/robotik/Desktop/kuka_ws/install/kuka_kr6_gazebo/share/kuka_kr6_gazebo/hook/cmake_prefix_path.sh'
[0.330s] Level 1:colcon.colcon_core.environment:checking '/home/robotik/Desktop/kuka_ws/install/kuka_kr6_gazebo/bin'
[0.330s] Level 1:colcon.colcon_core.environment:checking '/home/robotik/Desktop/kuka_ws/install/kuka_kr6_gazebo/lib/pkgconfig/kuka_kr6_gazebo.pc'
[0.330s] Level 1:colcon.colcon_core.environment:checking '/home/robotik/Desktop/kuka_ws/install/kuka_kr6_gazebo/lib/python3.12/site-packages'
[0.330s] Level 1:colcon.colcon_core.environment:checking '/home/robotik/Desktop/kuka_ws/install/kuka_kr6_gazebo/bin'
[0.330s] INFO:colcon.colcon_core.shell:Creating package script '/home/robotik/Desktop/kuka_ws/install/kuka_kr6_gazebo/share/kuka_kr6_gazebo/package.ps1'
[0.330s] INFO:colcon.colcon_core.shell:Creating package descriptor '/home/robotik/Desktop/kuka_ws/install/kuka_kr6_gazebo/share/kuka_kr6_gazebo/package.dsv'
[0.331s] INFO:colcon.colcon_core.shell:Creating package script '/home/robotik/Desktop/kuka_ws/install/kuka_kr6_gazebo/share/kuka_kr6_gazebo/package.sh'
[0.331s] INFO:colcon.colcon_core.shell:Creating package script '/home/robotik/Desktop/kuka_ws/install/kuka_kr6_gazebo/share/kuka_kr6_gazebo/package.bash'
[0.331s] INFO:colcon.colcon_core.shell:Creating package script '/home/robotik/Desktop/kuka_ws/install/kuka_kr6_gazebo/share/kuka_kr6_gazebo/package.zsh'
[0.331s] Level 1:colcon.colcon_core.environment:create_file_with_runtime_dependencies(/home/robotik/Desktop/kuka_ws/install/kuka_kr6_gazebo/share/colcon-core/packages/kuka_kr6_gazebo)
[0.332s] DEBUG:colcon.colcon_parallel_executor.executor.parallel:closing loop
[0.332s] DEBUG:colcon.colcon_parallel_executor.executor.parallel:loop closed
[0.332s] DEBUG:colcon.colcon_parallel_executor.executor.parallel:run_until_complete finished with '0'
[0.332s] DEBUG:colcon.colcon_core.event_reactor:joining thread
[0.336s] INFO:colcon.colcon_core.plugin_system:Skipping extension 'colcon_notification.desktop_notification.terminal_notifier': Not used on non-Darwin systems
[0.336s] INFO:colcon.colcon_core.plugin_system:Skipping extension 'colcon_notification.desktop_notification.win32': Not used on non-Windows systems
[0.336s] INFO:colcon.colcon_notification.desktop_notification:Sending desktop notification using 'notify2'
[0.348s] DEBUG:colcon.colcon_core.event_reactor:joined thread
[0.348s] INFO:colcon.colcon_core.shell:Creating prefix script '/home/robotik/Desktop/kuka_ws/install/local_setup.ps1'
[0.349s] INFO:colcon.colcon_core.shell:Creating prefix util module '/home/robotik/Desktop/kuka_ws/install/_local_setup_util_ps1.py'
[0.350s] INFO:colcon.colcon_core.shell:Creating prefix chain script '/home/robotik/Desktop/kuka_ws/install/setup.ps1'
[0.351s] INFO:colcon.colcon_core.shell:Creating prefix script '/home/robotik/Desktop/kuka_ws/install/local_setup.sh'
[0.351s] INFO:colcon.colcon_core.shell:Creating prefix util module '/home/robotik/Desktop/kuka_ws/install/_local_setup_util_sh.py'
[0.351s] INFO:colcon.colcon_core.shell:Creating prefix chain script '/home/robotik/Desktop/kuka_ws/install/setup.sh'
[0.352s] INFO:colcon.colcon_core.shell:Creating prefix script '/home/robotik/Desktop/kuka_ws/install/local_setup.bash'
[0.352s] INFO:colcon.colcon_core.shell:Creating prefix chain script '/home/robotik/Desktop/kuka_ws/install/setup.bash'
[0.353s] INFO:colcon.colcon_core.shell:Creating prefix script '/home/robotik/Desktop/kuka_ws/install/local_setup.zsh'
[0.353s] INFO:colcon.colcon_core.shell:Creating prefix chain script '/home/robotik/Desktop/kuka_ws/install/setup.zsh'
