[0.069s] DEBUG:colcon:Command line arguments: ['/usr/bin/colcon', 'build']
[0.070s] DEBUG:colcon:Parsed command line arguments: Namespace(log_base=None, log_level=None, verb_name='build', build_base='build', install_base='install', merge_install=False, symlink_install=False, test_result_base=None, continue_on_error=False, executor='parallel', parallel_workers=16, event_handlers=None, ignore_user_meta=False, metas=['./colcon.meta'], base_paths=['.'], packages_ignore=None, packages_ignore_regex=None, paths=None, packages_up_to=None, packages_up_to_regex=None, packages_above=None, packages_above_and_dependencies=None, packages_above_depth=None, packages_select_by_dep=None, packages_skip_by_dep=None, packages_skip_up_to=None, packages_select_build_failed=False, packages_skip_build_finished=False, packages_select_test_failures=False, packages_skip_test_passed=False, packages_select=None, packages_skip=None, packages_select_regex=None, packages_skip_regex=None, packages_start=None, packages_end=None, allow_overriding=[], cmake_args=None, cmake_target=None, cmake_target_skip_unavailable=False, cmake_clean_cache=False, cmake_clean_first=False, cmake_force_configure=False, ament_cmake_args=None, catkin_cmake_args=None, catkin_skip_building_tests=False, mixin_files=None, mixin=None, verb_parser=<colcon_mixin.mixin.mixin_argument.MixinArgumentDecorator object at 0x72c34d0b1c70>, verb_extension=<colcon_core.verb.build.BuildVerb object at 0x72c34d1d1910>, main=<bound method BuildVerb.main of <colcon_core.verb.build.BuildVerb object at 0x72c34d1d1910>>, mixin_verb=('build',))
[0.097s] Level 1:colcon.colcon_core.package_discovery:discover_packages(colcon_meta) check parameters
[0.097s] Level 1:colcon.colcon_core.package_discovery:discover_packages(recursive) check parameters
[0.097s] Level 1:colcon.colcon_core.package_discovery:discover_packages(ignore) check parameters
[0.097s] Level 1:colcon.colcon_core.package_discovery:discover_packages(path) check parameters
[0.097s] Level 1:colcon.colcon_core.package_discovery:discover_packages(colcon_meta) discover
[0.097s] Level 1:colcon.colcon_core.package_discovery:discover_packages(recursive) discover
[0.097s] INFO:colcon.colcon_core.package_discovery:Crawling recursively for packages in '/home/robotik/Desktop/kuka_ws'
[0.097s] Level 1:colcon.colcon_core.package_identification:_identify(.) by extensions ['ignore', 'ignore_ament_install']
[0.097s] Level 1:colcon.colcon_core.package_identification:_identify(.) by extension 'ignore'
[0.097s] Level 1:colcon.colcon_core.package_identification:_identify(.) by extension 'ignore_ament_install'
[0.097s] Level 1:colcon.colcon_core.package_identification:_identify(.) by extensions ['colcon_pkg']
[0.097s] Level 1:colcon.colcon_core.package_identification:_identify(.) by extension 'colcon_pkg'
[0.097s] Level 1:colcon.colcon_core.package_identification:_identify(.) by extensions ['colcon_meta']
[0.097s] Level 1:colcon.colcon_core.package_identification:_identify(.) by extension 'colcon_meta'
[0.097s] Level 1:colcon.colcon_core.package_identification:_identify(.) by extensions ['ros']
[0.097s] Level 1:colcon.colcon_core.package_identification:_identify(.) by extension 'ros'
[0.114s] Level 1:colcon.colcon_core.package_identification:_identify(.) by extensions ['cmake', 'python']
[0.114s] Level 1:colcon.colcon_core.package_identification:_identify(.) by extension 'cmake'
[0.114s] Level 1:colcon.colcon_core.package_identification:_identify(.) by extension 'python'
[0.114s] Level 1:colcon.colcon_core.package_identification:_identify(.) by extensions ['python_setup_py']
[0.114s] Level 1:colcon.colcon_core.package_identification:_identify(.) by extension 'python_setup_py'
[0.114s] Level 1:colcon.colcon_core.package_identification:_identify(build) by extensions ['ignore', 'ignore_ament_install']
[0.114s] Level 1:colcon.colcon_core.package_identification:_identify(build) by extension 'ignore'
[0.114s] Level 1:colcon.colcon_core.package_identification:_identify(build) ignored
[0.115s] Level 1:colcon.colcon_core.package_identification:_identify(install) by extensions ['ignore', 'ignore_ament_install']
[0.115s] Level 1:colcon.colcon_core.package_identification:_identify(install) by extension 'ignore'
[0.115s] Level 1:colcon.colcon_core.package_identification:_identify(install) ignored
[0.115s] Level 1:colcon.colcon_core.package_identification:_identify(log) by extensions ['ignore', 'ignore_ament_install']
[0.115s] Level 1:colcon.colcon_core.package_identification:_identify(log) by extension 'ignore'
[0.115s] Level 1:colcon.colcon_core.package_identification:_identify(log) ignored
[0.115s] Level 1:colcon.colcon_core.package_identification:_identify(src) by extensions ['ignore', 'ignore_ament_install']
[0.115s] Level 1:colcon.colcon_core.package_identification:_identify(src) by extension 'ignore'
[0.115s] Level 1:colcon.colcon_core.package_identification:_identify(src) by extension 'ignore_ament_install'
[0.115s] Level 1:colcon.colcon_core.package_identification:_identify(src) by extensions ['colcon_pkg']
[0.115s] Level 1:colcon.colcon_core.package_identification:_identify(src) by extension 'colcon_pkg'
[0.115s] Level 1:colcon.colcon_core.package_identification:_identify(src) by extensions ['colcon_meta']
[0.115s] Level 1:colcon.colcon_core.package_identification:_identify(src) by extension 'colcon_meta'
[0.115s] Level 1:colcon.colcon_core.package_identification:_identify(src) by extensions ['ros']
[0.115s] Level 1:colcon.colcon_core.package_identification:_identify(src) by extension 'ros'
[0.115s] Level 1:colcon.colcon_core.package_identification:_identify(src) by extensions ['cmake', 'python']
[0.115s] Level 1:colcon.colcon_core.package_identification:_identify(src) by extension 'cmake'
[0.115s] Level 1:colcon.colcon_core.package_identification:_identify(src) by extension 'python'
[0.115s] Level 1:colcon.colcon_core.package_identification:_identify(src) by extensions ['python_setup_py']
[0.115s] Level 1:colcon.colcon_core.package_identification:_identify(src) by extension 'python_setup_py'
[0.115s] Level 1:colcon.colcon_core.package_identification:_identify(src/build) by extensions ['ignore', 'ignore_ament_install']
[0.115s] Level 1:colcon.colcon_core.package_identification:_identify(src/build) by extension 'ignore'
[0.115s] Level 1:colcon.colcon_core.package_identification:_identify(src/build) ignored
[0.115s] Level 1:colcon.colcon_core.package_identification:_identify(src/install) by extensions ['ignore', 'ignore_ament_install']
[0.115s] Level 1:colcon.colcon_core.package_identification:_identify(src/install) by extension 'ignore'
[0.116s] Level 1:colcon.colcon_core.package_identification:_identify(src/install) ignored
[0.116s] Level 1:colcon.colcon_core.package_identification:_identify(src/kuka_kr6_description) by extensions ['ignore', 'ignore_ament_install']
[0.116s] Level 1:colcon.colcon_core.package_identification:_identify(src/kuka_kr6_description) by extension 'ignore'
[0.116s] Level 1:colcon.colcon_core.package_identification:_identify(src/kuka_kr6_description) by extension 'ignore_ament_install'
[0.116s] Level 1:colcon.colcon_core.package_identification:_identify(src/kuka_kr6_description) by extensions ['colcon_pkg']
[0.116s] Level 1:colcon.colcon_core.package_identification:_identify(src/kuka_kr6_description) by extension 'colcon_pkg'
[0.116s] Level 1:colcon.colcon_core.package_identification:_identify(src/kuka_kr6_description) by extensions ['colcon_meta']
[0.116s] Level 1:colcon.colcon_core.package_identification:_identify(src/kuka_kr6_description) by extension 'colcon_meta'
[0.116s] Level 1:colcon.colcon_core.package_identification:_identify(src/kuka_kr6_description) by extensions ['ros']
[0.116s] Level 1:colcon.colcon_core.package_identification:_identify(src/kuka_kr6_description) by extension 'ros'
[0.118s] DEBUG:colcon.colcon_core.package_identification:Package 'src/kuka_kr6_description' with type 'ros.ament_cmake' and name 'kuka_kr6_description'
[0.118s] Level 1:colcon.colcon_core.package_identification:_identify(src/kuka_kr6_gazebo) by extensions ['ignore', 'ignore_ament_install']
[0.118s] Level 1:colcon.colcon_core.package_identification:_identify(src/kuka_kr6_gazebo) by extension 'ignore'
[0.118s] Level 1:colcon.colcon_core.package_identification:_identify(src/kuka_kr6_gazebo) by extension 'ignore_ament_install'
[0.118s] Level 1:colcon.colcon_core.package_identification:_identify(src/kuka_kr6_gazebo) by extensions ['colcon_pkg']
[0.118s] Level 1:colcon.colcon_core.package_identification:_identify(src/kuka_kr6_gazebo) by extension 'colcon_pkg'
[0.118s] Level 1:colcon.colcon_core.package_identification:_identify(src/kuka_kr6_gazebo) by extensions ['colcon_meta']
[0.118s] Level 1:colcon.colcon_core.package_identification:_identify(src/kuka_kr6_gazebo) by extension 'colcon_meta'
[0.118s] Level 1:colcon.colcon_core.package_identification:_identify(src/kuka_kr6_gazebo) by extensions ['ros']
[0.118s] Level 1:colcon.colcon_core.package_identification:_identify(src/kuka_kr6_gazebo) by extension 'ros'
[0.119s] DEBUG:colcon.colcon_core.package_identification:Package 'src/kuka_kr6_gazebo' with type 'ros.ament_cmake' and name 'kuka_kr6_gazebo'
[0.119s] Level 1:colcon.colcon_core.package_identification:_identify(src/kuka_kr6_moveit) by extensions ['ignore', 'ignore_ament_install']
[0.119s] Level 1:colcon.colcon_core.package_identification:_identify(src/kuka_kr6_moveit) by extension 'ignore'
[0.119s] Level 1:colcon.colcon_core.package_identification:_identify(src/kuka_kr6_moveit) by extension 'ignore_ament_install'
[0.119s] Level 1:colcon.colcon_core.package_identification:_identify(src/kuka_kr6_moveit) by extensions ['colcon_pkg']
[0.119s] Level 1:colcon.colcon_core.package_identification:_identify(src/kuka_kr6_moveit) by extension 'colcon_pkg'
[0.119s] Level 1:colcon.colcon_core.package_identification:_identify(src/kuka_kr6_moveit) by extensions ['colcon_meta']
[0.119s] Level 1:colcon.colcon_core.package_identification:_identify(src/kuka_kr6_moveit) by extension 'colcon_meta'
[0.119s] Level 1:colcon.colcon_core.package_identification:_identify(src/kuka_kr6_moveit) by extensions ['ros']
[0.119s] Level 1:colcon.colcon_core.package_identification:_identify(src/kuka_kr6_moveit) by extension 'ros'
[0.120s] DEBUG:colcon.colcon_core.package_identification:Package 'src/kuka_kr6_moveit' with type 'ros.ament_cmake' and name 'kuka_kr6_moveit'
[0.120s] Level 1:colcon.colcon_core.package_identification:_identify(src/log) by extensions ['ignore', 'ignore_ament_install']
[0.120s] Level 1:colcon.colcon_core.package_identification:_identify(src/log) by extension 'ignore'
[0.120s] Level 1:colcon.colcon_core.package_identification:_identify(src/log) ignored
[0.120s] Level 1:colcon.colcon_core.package_discovery:discover_packages(recursive) using defaults
[0.120s] Level 1:colcon.colcon_core.package_discovery:discover_packages(ignore) discover
[0.120s] Level 1:colcon.colcon_core.package_discovery:discover_packages(ignore) using defaults
[0.120s] Level 1:colcon.colcon_core.package_discovery:discover_packages(path) discover
[0.120s] Level 1:colcon.colcon_core.package_discovery:discover_packages(path) using defaults
[0.132s] Level 1:colcon.colcon_core.package_discovery:discover_packages(prefix_path) check parameters
[0.132s] Level 1:colcon.colcon_core.package_discovery:discover_packages(prefix_path) discover
[0.134s] DEBUG:colcon.colcon_installed_package_information.package_discovery:Found 402 installed packages in /opt/ros/jazzy
[0.135s] Level 1:colcon.colcon_core.package_discovery:discover_packages(prefix_path) using defaults
[0.169s] Level 5:colcon.colcon_core.verb:set package 'kuka_kr6_description' build argument 'cmake_args' from command line to 'None'
[0.170s] Level 5:colcon.colcon_core.verb:set package 'kuka_kr6_description' build argument 'cmake_target' from command line to 'None'
[0.170s] Level 5:colcon.colcon_core.verb:set package 'kuka_kr6_description' build argument 'cmake_target_skip_unavailable' from command line to 'False'
[0.170s] Level 5:colcon.colcon_core.verb:set package 'kuka_kr6_description' build argument 'cmake_clean_cache' from command line to 'False'
[0.170s] Level 5:colcon.colcon_core.verb:set package 'kuka_kr6_description' build argument 'cmake_clean_first' from command line to 'False'
[0.170s] Level 5:colcon.colcon_core.verb:set package 'kuka_kr6_description' build argument 'cmake_force_configure' from command line to 'False'
[0.170s] Level 5:colcon.colcon_core.verb:set package 'kuka_kr6_description' build argument 'ament_cmake_args' from command line to 'None'
[0.170s] Level 5:colcon.colcon_core.verb:set package 'kuka_kr6_description' build argument 'catkin_cmake_args' from command line to 'None'
[0.170s] Level 5:colcon.colcon_core.verb:set package 'kuka_kr6_description' build argument 'catkin_skip_building_tests' from command line to 'False'
[0.170s] DEBUG:colcon.colcon_core.verb:Building package 'kuka_kr6_description' with the following arguments: {'ament_cmake_args': None, 'build_base': '/home/robotik/Desktop/kuka_ws/build/kuka_kr6_description', 'catkin_cmake_args': None, 'catkin_skip_building_tests': False, 'cmake_args': None, 'cmake_clean_cache': False, 'cmake_clean_first': False, 'cmake_force_configure': False, 'cmake_target': None, 'cmake_target_skip_unavailable': False, 'install_base': '/home/robotik/Desktop/kuka_ws/install/kuka_kr6_description', 'merge_install': False, 'path': '/home/robotik/Desktop/kuka_ws/src/kuka_kr6_description', 'symlink_install': False, 'test_result_base': None}
[0.170s] Level 5:colcon.colcon_core.verb:set package 'kuka_kr6_gazebo' build argument 'cmake_args' from command line to 'None'
[0.170s] Level 5:colcon.colcon_core.verb:set package 'kuka_kr6_gazebo' build argument 'cmake_target' from command line to 'None'
[0.170s] Level 5:colcon.colcon_core.verb:set package 'kuka_kr6_gazebo' build argument 'cmake_target_skip_unavailable' from command line to 'False'
[0.170s] Level 5:colcon.colcon_core.verb:set package 'kuka_kr6_gazebo' build argument 'cmake_clean_cache' from command line to 'False'
[0.170s] Level 5:colcon.colcon_core.verb:set package 'kuka_kr6_gazebo' build argument 'cmake_clean_first' from command line to 'False'
[0.170s] Level 5:colcon.colcon_core.verb:set package 'kuka_kr6_gazebo' build argument 'cmake_force_configure' from command line to 'False'
[0.170s] Level 5:colcon.colcon_core.verb:set package 'kuka_kr6_gazebo' build argument 'ament_cmake_args' from command line to 'None'
[0.170s] Level 5:colcon.colcon_core.verb:set package 'kuka_kr6_gazebo' build argument 'catkin_cmake_args' from command line to 'None'
[0.170s] Level 5:colcon.colcon_core.verb:set package 'kuka_kr6_gazebo' build argument 'catkin_skip_building_tests' from command line to 'False'
[0.170s] DEBUG:colcon.colcon_core.verb:Building package 'kuka_kr6_gazebo' with the following arguments: {'ament_cmake_args': None, 'build_base': '/home/robotik/Desktop/kuka_ws/build/kuka_kr6_gazebo', 'catkin_cmake_args': None, 'catkin_skip_building_tests': False, 'cmake_args': None, 'cmake_clean_cache': False, 'cmake_clean_first': False, 'cmake_force_configure': False, 'cmake_target': None, 'cmake_target_skip_unavailable': False, 'install_base': '/home/robotik/Desktop/kuka_ws/install/kuka_kr6_gazebo', 'merge_install': False, 'path': '/home/robotik/Desktop/kuka_ws/src/kuka_kr6_gazebo', 'symlink_install': False, 'test_result_base': None}
[0.170s] Level 5:colcon.colcon_core.verb:set package 'kuka_kr6_moveit' build argument 'cmake_args' from command line to 'None'
[0.170s] Level 5:colcon.colcon_core.verb:set package 'kuka_kr6_moveit' build argument 'cmake_target' from command line to 'None'
[0.170s] Level 5:colcon.colcon_core.verb:set package 'kuka_kr6_moveit' build argument 'cmake_target_skip_unavailable' from command line to 'False'
[0.170s] Level 5:colcon.colcon_core.verb:set package 'kuka_kr6_moveit' build argument 'cmake_clean_cache' from command line to 'False'
[0.170s] Level 5:colcon.colcon_core.verb:set package 'kuka_kr6_moveit' build argument 'cmake_clean_first' from command line to 'False'
[0.170s] Level 5:colcon.colcon_core.verb:set package 'kuka_kr6_moveit' build argument 'cmake_force_configure' from command line to 'False'
[0.170s] Level 5:colcon.colcon_core.verb:set package 'kuka_kr6_moveit' build argument 'ament_cmake_args' from command line to 'None'
[0.170s] Level 5:colcon.colcon_core.verb:set package 'kuka_kr6_moveit' build argument 'catkin_cmake_args' from command line to 'None'
[0.170s] Level 5:colcon.colcon_core.verb:set package 'kuka_kr6_moveit' build argument 'catkin_skip_building_tests' from command line to 'False'
[0.170s] DEBUG:colcon.colcon_core.verb:Building package 'kuka_kr6_moveit' with the following arguments: {'ament_cmake_args': None, 'build_base': '/home/robotik/Desktop/kuka_ws/build/kuka_kr6_moveit', 'catkin_cmake_args': None, 'catkin_skip_building_tests': False, 'cmake_args': None, 'cmake_clean_cache': False, 'cmake_clean_first': False, 'cmake_force_configure': False, 'cmake_target': None, 'cmake_target_skip_unavailable': False, 'install_base': '/home/robotik/Desktop/kuka_ws/install/kuka_kr6_moveit', 'merge_install': False, 'path': '/home/robotik/Desktop/kuka_ws/src/kuka_kr6_moveit', 'symlink_install': False, 'test_result_base': None}
[0.170s] INFO:colcon.colcon_core.executor:Executing jobs using 'parallel' executor
[0.171s] DEBUG:colcon.colcon_parallel_executor.executor.parallel:run_until_complete
[0.171s] INFO:colcon.colcon_ros.task.ament_cmake.build:Building ROS package in '/home/robotik/Desktop/kuka_ws/src/kuka_kr6_description' with build type 'ament_cmake'
[0.171s] INFO:colcon.colcon_cmake.task.cmake.build:Building CMake package in '/home/robotik/Desktop/kuka_ws/src/kuka_kr6_description'
[0.172s] INFO:colcon.colcon_core.plugin_system:Skipping extension 'colcon_core.shell.bat': Not used on non-Windows systems
[0.172s] INFO:colcon.colcon_core.shell:Skip shell extension 'powershell' for command environment: Not usable outside of PowerShell
[0.173s] DEBUG:colcon.colcon_core.shell:Skip shell extension 'dsv' for command environment
[0.178s] DEBUG:colcon.colcon_core.event_handler.log_command:Invoking command in '/home/robotik/Desktop/kuka_ws/build/kuka_kr6_description': CMAKE_PREFIX_PATH=${CMAKE_PREFIX_PATH}:/opt/ros/jazzy DEBUGINFOD_URLS=https://debuginfod.ubuntu.com /usr/bin/cmake /home/robotik/Desktop/kuka_ws/src/kuka_kr6_description -DCMAKE_INSTALL_PREFIX=/home/robotik/Desktop/kuka_ws/install/kuka_kr6_description
[0.645s] DEBUG:colcon.colcon_core.event_handler.log_command:Invoked command in '/home/robotik/Desktop/kuka_ws/build/kuka_kr6_description' returned '0': CMAKE_PREFIX_PATH=${CMAKE_PREFIX_PATH}:/opt/ros/jazzy DEBUGINFOD_URLS=https://debuginfod.ubuntu.com /usr/bin/cmake /home/robotik/Desktop/kuka_ws/src/kuka_kr6_description -DCMAKE_INSTALL_PREFIX=/home/robotik/Desktop/kuka_ws/install/kuka_kr6_description
[0.646s] DEBUG:colcon.colcon_core.event_handler.log_command:Invoking command in '/home/robotik/Desktop/kuka_ws/build/kuka_kr6_description': CMAKE_PREFIX_PATH=${CMAKE_PREFIX_PATH}:/opt/ros/jazzy DEBUGINFOD_URLS=https://debuginfod.ubuntu.com /usr/bin/cmake --build /home/robotik/Desktop/kuka_ws/build/kuka_kr6_description -- -j16 -l16
[0.675s] DEBUG:colcon.colcon_core.event_handler.log_command:Invoked command in '/home/robotik/Desktop/kuka_ws/build/kuka_kr6_description' returned '0': CMAKE_PREFIX_PATH=${CMAKE_PREFIX_PATH}:/opt/ros/jazzy DEBUGINFOD_URLS=https://debuginfod.ubuntu.com /usr/bin/cmake --build /home/robotik/Desktop/kuka_ws/build/kuka_kr6_description -- -j16 -l16
[0.682s] DEBUG:colcon.colcon_core.event_handler.log_command:Invoking command in '/home/robotik/Desktop/kuka_ws/build/kuka_kr6_description': CMAKE_PREFIX_PATH=${CMAKE_PREFIX_PATH}:/opt/ros/jazzy DEBUGINFOD_URLS=https://debuginfod.ubuntu.com /usr/bin/cmake --install /home/robotik/Desktop/kuka_ws/build/kuka_kr6_description
[0.693s] Level 1:colcon.colcon_core.environment:create_environment_scripts_only(kuka_kr6_description)
[0.693s] DEBUG:colcon.colcon_core.event_handler.log_command:Invoked command in '/home/robotik/Desktop/kuka_ws/build/kuka_kr6_description' returned '0': CMAKE_PREFIX_PATH=${CMAKE_PREFIX_PATH}:/opt/ros/jazzy DEBUGINFOD_URLS=https://debuginfod.ubuntu.com /usr/bin/cmake --install /home/robotik/Desktop/kuka_ws/build/kuka_kr6_description
[0.694s] Level 1:colcon.colcon_core.environment:checking '/home/robotik/Desktop/kuka_ws/install/kuka_kr6_description' for CMake module files
[0.694s] Level 1:colcon.colcon_core.environment:checking '/home/robotik/Desktop/kuka_ws/install/kuka_kr6_description' for CMake config files
[0.694s] Level 1:colcon.colcon_core.shell:create_environment_hook('kuka_kr6_description', 'cmake_prefix_path')
[0.695s] INFO:colcon.colcon_core.shell:Creating environment hook '/home/robotik/Desktop/kuka_ws/install/kuka_kr6_description/share/kuka_kr6_description/hook/cmake_prefix_path.ps1'
[0.695s] INFO:colcon.colcon_core.shell:Creating environment descriptor '/home/robotik/Desktop/kuka_ws/install/kuka_kr6_description/share/kuka_kr6_description/hook/cmake_prefix_path.dsv'
[0.695s] INFO:colcon.colcon_core.shell:Creating environment hook '/home/robotik/Desktop/kuka_ws/install/kuka_kr6_description/share/kuka_kr6_description/hook/cmake_prefix_path.sh'
[0.696s] Level 1:colcon.colcon_core.environment:checking '/home/robotik/Desktop/kuka_ws/install/kuka_kr6_description/bin'
[0.696s] Level 1:colcon.colcon_core.environment:checking '/home/robotik/Desktop/kuka_ws/install/kuka_kr6_description/lib/pkgconfig/kuka_kr6_description.pc'
[0.696s] Level 1:colcon.colcon_core.environment:checking '/home/robotik/Desktop/kuka_ws/install/kuka_kr6_description/lib/python3.12/site-packages'
[0.696s] Level 1:colcon.colcon_core.environment:checking '/home/robotik/Desktop/kuka_ws/install/kuka_kr6_description/bin'
[0.696s] INFO:colcon.colcon_core.shell:Creating package script '/home/robotik/Desktop/kuka_ws/install/kuka_kr6_description/share/kuka_kr6_description/package.ps1'
[0.697s] INFO:colcon.colcon_core.shell:Creating package descriptor '/home/robotik/Desktop/kuka_ws/install/kuka_kr6_description/share/kuka_kr6_description/package.dsv'
[0.697s] INFO:colcon.colcon_core.shell:Creating package script '/home/robotik/Desktop/kuka_ws/install/kuka_kr6_description/share/kuka_kr6_description/package.sh'
[0.698s] INFO:colcon.colcon_core.shell:Creating package script '/home/robotik/Desktop/kuka_ws/install/kuka_kr6_description/share/kuka_kr6_description/package.bash'
[0.698s] INFO:colcon.colcon_core.shell:Creating package script '/home/robotik/Desktop/kuka_ws/install/kuka_kr6_description/share/kuka_kr6_description/package.zsh'
[0.698s] Level 1:colcon.colcon_core.environment:create_file_with_runtime_dependencies(/home/robotik/Desktop/kuka_ws/install/kuka_kr6_description/share/colcon-core/packages/kuka_kr6_description)
[0.698s] Level 1:colcon.colcon_core.environment:create_environment_scripts_only(kuka_kr6_description)
[0.699s] Level 1:colcon.colcon_core.environment:checking '/home/robotik/Desktop/kuka_ws/install/kuka_kr6_description' for CMake module files
[0.699s] Level 1:colcon.colcon_core.environment:checking '/home/robotik/Desktop/kuka_ws/install/kuka_kr6_description' for CMake config files
[0.699s] Level 1:colcon.colcon_core.shell:create_environment_hook('kuka_kr6_description', 'cmake_prefix_path')
[0.699s] INFO:colcon.colcon_core.shell:Creating environment hook '/home/robotik/Desktop/kuka_ws/install/kuka_kr6_description/share/kuka_kr6_description/hook/cmake_prefix_path.ps1'
[0.699s] INFO:colcon.colcon_core.shell:Creating environment descriptor '/home/robotik/Desktop/kuka_ws/install/kuka_kr6_description/share/kuka_kr6_description/hook/cmake_prefix_path.dsv'
[0.699s] INFO:colcon.colcon_core.shell:Creating environment hook '/home/robotik/Desktop/kuka_ws/install/kuka_kr6_description/share/kuka_kr6_description/hook/cmake_prefix_path.sh'
[0.700s] Level 1:colcon.colcon_core.environment:checking '/home/robotik/Desktop/kuka_ws/install/kuka_kr6_description/bin'
[0.700s] Level 1:colcon.colcon_core.environment:checking '/home/robotik/Desktop/kuka_ws/install/kuka_kr6_description/lib/pkgconfig/kuka_kr6_description.pc'
[0.700s] Level 1:colcon.colcon_core.environment:checking '/home/robotik/Desktop/kuka_ws/install/kuka_kr6_description/lib/python3.12/site-packages'
[0.700s] Level 1:colcon.colcon_core.environment:checking '/home/robotik/Desktop/kuka_ws/install/kuka_kr6_description/bin'
[0.700s] INFO:colcon.colcon_core.shell:Creating package script '/home/robotik/Desktop/kuka_ws/install/kuka_kr6_description/share/kuka_kr6_description/package.ps1'
[0.701s] INFO:colcon.colcon_core.shell:Creating package descriptor '/home/robotik/Desktop/kuka_ws/install/kuka_kr6_description/share/kuka_kr6_description/package.dsv'
[0.701s] INFO:colcon.colcon_core.shell:Creating package script '/home/robotik/Desktop/kuka_ws/install/kuka_kr6_description/share/kuka_kr6_description/package.sh'
[0.701s] INFO:colcon.colcon_core.shell:Creating package script '/home/robotik/Desktop/kuka_ws/install/kuka_kr6_description/share/kuka_kr6_description/package.bash'
[0.701s] INFO:colcon.colcon_core.shell:Creating package script '/home/robotik/Desktop/kuka_ws/install/kuka_kr6_description/share/kuka_kr6_description/package.zsh'
[0.702s] Level 1:colcon.colcon_core.environment:create_file_with_runtime_dependencies(/home/robotik/Desktop/kuka_ws/install/kuka_kr6_description/share/colcon-core/packages/kuka_kr6_description)
[0.702s] INFO:colcon.colcon_ros.task.ament_cmake.build:Building ROS package in '/home/robotik/Desktop/kuka_ws/src/kuka_kr6_gazebo' with build type 'ament_cmake'
[0.702s] INFO:colcon.colcon_cmake.task.cmake.build:Building CMake package in '/home/robotik/Desktop/kuka_ws/src/kuka_kr6_gazebo'
[0.702s] INFO:colcon.colcon_core.shell:Skip shell extension 'powershell' for command environment: Not usable outside of PowerShell
[0.702s] DEBUG:colcon.colcon_core.shell:Skip shell extension 'dsv' for command environment
[0.705s] INFO:colcon.colcon_ros.task.ament_cmake.build:Building ROS package in '/home/robotik/Desktop/kuka_ws/src/kuka_kr6_moveit' with build type 'ament_cmake'
[0.705s] INFO:colcon.colcon_cmake.task.cmake.build:Building CMake package in '/home/robotik/Desktop/kuka_ws/src/kuka_kr6_moveit'
[0.705s] INFO:colcon.colcon_core.shell:Skip shell extension 'powershell' for command environment: Not usable outside of PowerShell
[0.705s] DEBUG:colcon.colcon_core.shell:Skip shell extension 'dsv' for command environment
[0.709s] DEBUG:colcon.colcon_core.event_handler.log_command:Invoking command in '/home/robotik/Desktop/kuka_ws/build/kuka_kr6_gazebo': AMENT_PREFIX_PATH=/home/robotik/Desktop/kuka_ws/install/kuka_kr6_description:${AMENT_PREFIX_PATH} CMAKE_PREFIX_PATH=/home/robotik/Desktop/kuka_ws/install/kuka_kr6_description:/opt/ros/jazzy/opt/gz_sim_vendor:/opt/ros/jazzy/opt/gz_sensors_vendor:/opt/ros/jazzy/opt/gz_physics_vendor:/opt/ros/jazzy/opt/sdformat_vendor:/opt/ros/jazzy/opt/gz_gui_vendor:/opt/ros/jazzy/opt/gz_transport_vendor:/opt/ros/jazzy/opt/gz_rendering_vendor:/opt/ros/jazzy/opt/gz_plugin_vendor:/opt/ros/jazzy/opt/gz_fuel_tools_vendor:/opt/ros/jazzy/opt/gz_msgs_vendor:/opt/ros/jazzy/opt/gz_common_vendor:/opt/ros/jazzy/opt/gz_math_vendor:/opt/ros/jazzy/opt/gz_utils_vendor:/opt/ros/jazzy/opt/gz_tools_vendor:/opt/ros/jazzy/opt/gz_ogre_next_vendor:/opt/ros/jazzy/opt/gz_dartsim_vendor:/opt/ros/jazzy/opt/gz_cmake_vendor:/opt/ros/jazzy DEBUGINFOD_URLS=https://debuginfod.ubuntu.com /usr/bin/cmake /home/robotik/Desktop/kuka_ws/src/kuka_kr6_gazebo -DCMAKE_INSTALL_PREFIX=/home/robotik/Desktop/kuka_ws/install/kuka_kr6_gazebo
[0.711s] DEBUG:colcon.colcon_core.event_handler.log_command:Invoking command in '/home/robotik/Desktop/kuka_ws/build/kuka_kr6_moveit': AMENT_PREFIX_PATH=/home/robotik/Desktop/kuka_ws/install/kuka_kr6_description:${AMENT_PREFIX_PATH} CMAKE_PREFIX_PATH=/home/robotik/Desktop/kuka_ws/install/kuka_kr6_description:/opt/ros/jazzy/opt/gz_sim_vendor:/opt/ros/jazzy/opt/gz_sensors_vendor:/opt/ros/jazzy/opt/gz_physics_vendor:/opt/ros/jazzy/opt/sdformat_vendor:/opt/ros/jazzy/opt/gz_gui_vendor:/opt/ros/jazzy/opt/gz_transport_vendor:/opt/ros/jazzy/opt/gz_rendering_vendor:/opt/ros/jazzy/opt/gz_plugin_vendor:/opt/ros/jazzy/opt/gz_fuel_tools_vendor:/opt/ros/jazzy/opt/gz_msgs_vendor:/opt/ros/jazzy/opt/gz_common_vendor:/opt/ros/jazzy/opt/gz_math_vendor:/opt/ros/jazzy/opt/gz_utils_vendor:/opt/ros/jazzy/opt/gz_tools_vendor:/opt/ros/jazzy/opt/gz_ogre_next_vendor:/opt/ros/jazzy/opt/gz_dartsim_vendor:/opt/ros/jazzy/opt/gz_cmake_vendor:/opt/ros/jazzy DEBUGINFOD_URLS=https://debuginfod.ubuntu.com /usr/bin/cmake /home/robotik/Desktop/kuka_ws/src/kuka_kr6_moveit -DCMAKE_INSTALL_PREFIX=/home/robotik/Desktop/kuka_ws/install/kuka_kr6_moveit
[1.197s] DEBUG:colcon.colcon_core.event_handler.log_command:Invoked command in '/home/robotik/Desktop/kuka_ws/build/kuka_kr6_gazebo' returned '0': AMENT_PREFIX_PATH=/home/robotik/Desktop/kuka_ws/install/kuka_kr6_description:${AMENT_PREFIX_PATH} CMAKE_PREFIX_PATH=/home/robotik/Desktop/kuka_ws/install/kuka_kr6_description:/opt/ros/jazzy/opt/gz_sim_vendor:/opt/ros/jazzy/opt/gz_sensors_vendor:/opt/ros/jazzy/opt/gz_physics_vendor:/opt/ros/jazzy/opt/sdformat_vendor:/opt/ros/jazzy/opt/gz_gui_vendor:/opt/ros/jazzy/opt/gz_transport_vendor:/opt/ros/jazzy/opt/gz_rendering_vendor:/opt/ros/jazzy/opt/gz_plugin_vendor:/opt/ros/jazzy/opt/gz_fuel_tools_vendor:/opt/ros/jazzy/opt/gz_msgs_vendor:/opt/ros/jazzy/opt/gz_common_vendor:/opt/ros/jazzy/opt/gz_math_vendor:/opt/ros/jazzy/opt/gz_utils_vendor:/opt/ros/jazzy/opt/gz_tools_vendor:/opt/ros/jazzy/opt/gz_ogre_next_vendor:/opt/ros/jazzy/opt/gz_dartsim_vendor:/opt/ros/jazzy/opt/gz_cmake_vendor:/opt/ros/jazzy DEBUGINFOD_URLS=https://debuginfod.ubuntu.com /usr/bin/cmake /home/robotik/Desktop/kuka_ws/src/kuka_kr6_gazebo -DCMAKE_INSTALL_PREFIX=/home/robotik/Desktop/kuka_ws/install/kuka_kr6_gazebo
[1.198s] DEBUG:colcon.colcon_core.event_handler.log_command:Invoking command in '/home/robotik/Desktop/kuka_ws/build/kuka_kr6_gazebo': AMENT_PREFIX_PATH=/home/robotik/Desktop/kuka_ws/install/kuka_kr6_description:${AMENT_PREFIX_PATH} CMAKE_PREFIX_PATH=/home/robotik/Desktop/kuka_ws/install/kuka_kr6_description:/opt/ros/jazzy/opt/gz_sim_vendor:/opt/ros/jazzy/opt/gz_sensors_vendor:/opt/ros/jazzy/opt/gz_physics_vendor:/opt/ros/jazzy/opt/sdformat_vendor:/opt/ros/jazzy/opt/gz_gui_vendor:/opt/ros/jazzy/opt/gz_transport_vendor:/opt/ros/jazzy/opt/gz_rendering_vendor:/opt/ros/jazzy/opt/gz_plugin_vendor:/opt/ros/jazzy/opt/gz_fuel_tools_vendor:/opt/ros/jazzy/opt/gz_msgs_vendor:/opt/ros/jazzy/opt/gz_common_vendor:/opt/ros/jazzy/opt/gz_math_vendor:/opt/ros/jazzy/opt/gz_utils_vendor:/opt/ros/jazzy/opt/gz_tools_vendor:/opt/ros/jazzy/opt/gz_ogre_next_vendor:/opt/ros/jazzy/opt/gz_dartsim_vendor:/opt/ros/jazzy/opt/gz_cmake_vendor:/opt/ros/jazzy DEBUGINFOD_URLS=https://debuginfod.ubuntu.com /usr/bin/cmake --build /home/robotik/Desktop/kuka_ws/build/kuka_kr6_gazebo -- -j16 -l16
[1.198s] DEBUG:colcon.colcon_core.event_handler.log_command:Invoked command in '/home/robotik/Desktop/kuka_ws/build/kuka_kr6_moveit' returned '0': AMENT_PREFIX_PATH=/home/robotik/Desktop/kuka_ws/install/kuka_kr6_description:${AMENT_PREFIX_PATH} CMAKE_PREFIX_PATH=/home/robotik/Desktop/kuka_ws/install/kuka_kr6_description:/opt/ros/jazzy/opt/gz_sim_vendor:/opt/ros/jazzy/opt/gz_sensors_vendor:/opt/ros/jazzy/opt/gz_physics_vendor:/opt/ros/jazzy/opt/sdformat_vendor:/opt/ros/jazzy/opt/gz_gui_vendor:/opt/ros/jazzy/opt/gz_transport_vendor:/opt/ros/jazzy/opt/gz_rendering_vendor:/opt/ros/jazzy/opt/gz_plugin_vendor:/opt/ros/jazzy/opt/gz_fuel_tools_vendor:/opt/ros/jazzy/opt/gz_msgs_vendor:/opt/ros/jazzy/opt/gz_common_vendor:/opt/ros/jazzy/opt/gz_math_vendor:/opt/ros/jazzy/opt/gz_utils_vendor:/opt/ros/jazzy/opt/gz_tools_vendor:/opt/ros/jazzy/opt/gz_ogre_next_vendor:/opt/ros/jazzy/opt/gz_dartsim_vendor:/opt/ros/jazzy/opt/gz_cmake_vendor:/opt/ros/jazzy DEBUGINFOD_URLS=https://debuginfod.ubuntu.com /usr/bin/cmake /home/robotik/Desktop/kuka_ws/src/kuka_kr6_moveit -DCMAKE_INSTALL_PREFIX=/home/robotik/Desktop/kuka_ws/install/kuka_kr6_moveit
[1.198s] DEBUG:colcon.colcon_core.event_handler.log_command:Invoking command in '/home/robotik/Desktop/kuka_ws/build/kuka_kr6_moveit': AMENT_PREFIX_PATH=/home/robotik/Desktop/kuka_ws/install/kuka_kr6_description:${AMENT_PREFIX_PATH} CMAKE_PREFIX_PATH=/home/robotik/Desktop/kuka_ws/install/kuka_kr6_description:/opt/ros/jazzy/opt/gz_sim_vendor:/opt/ros/jazzy/opt/gz_sensors_vendor:/opt/ros/jazzy/opt/gz_physics_vendor:/opt/ros/jazzy/opt/sdformat_vendor:/opt/ros/jazzy/opt/gz_gui_vendor:/opt/ros/jazzy/opt/gz_transport_vendor:/opt/ros/jazzy/opt/gz_rendering_vendor:/opt/ros/jazzy/opt/gz_plugin_vendor:/opt/ros/jazzy/opt/gz_fuel_tools_vendor:/opt/ros/jazzy/opt/gz_msgs_vendor:/opt/ros/jazzy/opt/gz_common_vendor:/opt/ros/jazzy/opt/gz_math_vendor:/opt/ros/jazzy/opt/gz_utils_vendor:/opt/ros/jazzy/opt/gz_tools_vendor:/opt/ros/jazzy/opt/gz_ogre_next_vendor:/opt/ros/jazzy/opt/gz_dartsim_vendor:/opt/ros/jazzy/opt/gz_cmake_vendor:/opt/ros/jazzy DEBUGINFOD_URLS=https://debuginfod.ubuntu.com /usr/bin/cmake --build /home/robotik/Desktop/kuka_ws/build/kuka_kr6_moveit -- -j16 -l16
[1.224s] DEBUG:colcon.colcon_core.event_handler.log_command:Invoked command in '/home/robotik/Desktop/kuka_ws/build/kuka_kr6_moveit' returned '0': AMENT_PREFIX_PATH=/home/robotik/Desktop/kuka_ws/install/kuka_kr6_description:${AMENT_PREFIX_PATH} CMAKE_PREFIX_PATH=/home/robotik/Desktop/kuka_ws/install/kuka_kr6_description:/opt/ros/jazzy/opt/gz_sim_vendor:/opt/ros/jazzy/opt/gz_sensors_vendor:/opt/ros/jazzy/opt/gz_physics_vendor:/opt/ros/jazzy/opt/sdformat_vendor:/opt/ros/jazzy/opt/gz_gui_vendor:/opt/ros/jazzy/opt/gz_transport_vendor:/opt/ros/jazzy/opt/gz_rendering_vendor:/opt/ros/jazzy/opt/gz_plugin_vendor:/opt/ros/jazzy/opt/gz_fuel_tools_vendor:/opt/ros/jazzy/opt/gz_msgs_vendor:/opt/ros/jazzy/opt/gz_common_vendor:/opt/ros/jazzy/opt/gz_math_vendor:/opt/ros/jazzy/opt/gz_utils_vendor:/opt/ros/jazzy/opt/gz_tools_vendor:/opt/ros/jazzy/opt/gz_ogre_next_vendor:/opt/ros/jazzy/opt/gz_dartsim_vendor:/opt/ros/jazzy/opt/gz_cmake_vendor:/opt/ros/jazzy DEBUGINFOD_URLS=https://debuginfod.ubuntu.com /usr/bin/cmake --build /home/robotik/Desktop/kuka_ws/build/kuka_kr6_moveit -- -j16 -l16
[1.225s] DEBUG:colcon.colcon_core.event_handler.log_command:Invoking command in '/home/robotik/Desktop/kuka_ws/build/kuka_kr6_moveit': AMENT_PREFIX_PATH=/home/robotik/Desktop/kuka_ws/install/kuka_kr6_description:${AMENT_PREFIX_PATH} CMAKE_PREFIX_PATH=/home/robotik/Desktop/kuka_ws/install/kuka_kr6_description:/opt/ros/jazzy/opt/gz_sim_vendor:/opt/ros/jazzy/opt/gz_sensors_vendor:/opt/ros/jazzy/opt/gz_physics_vendor:/opt/ros/jazzy/opt/sdformat_vendor:/opt/ros/jazzy/opt/gz_gui_vendor:/opt/ros/jazzy/opt/gz_transport_vendor:/opt/ros/jazzy/opt/gz_rendering_vendor:/opt/ros/jazzy/opt/gz_plugin_vendor:/opt/ros/jazzy/opt/gz_fuel_tools_vendor:/opt/ros/jazzy/opt/gz_msgs_vendor:/opt/ros/jazzy/opt/gz_common_vendor:/opt/ros/jazzy/opt/gz_math_vendor:/opt/ros/jazzy/opt/gz_utils_vendor:/opt/ros/jazzy/opt/gz_tools_vendor:/opt/ros/jazzy/opt/gz_ogre_next_vendor:/opt/ros/jazzy/opt/gz_dartsim_vendor:/opt/ros/jazzy/opt/gz_cmake_vendor:/opt/ros/jazzy DEBUGINFOD_URLS=https://debuginfod.ubuntu.com /usr/bin/cmake --install /home/robotik/Desktop/kuka_ws/build/kuka_kr6_moveit
[1.225s] DEBUG:colcon.colcon_core.event_handler.log_command:Invoked command in '/home/robotik/Desktop/kuka_ws/build/kuka_kr6_gazebo' returned '0': AMENT_PREFIX_PATH=/home/robotik/Desktop/kuka_ws/install/kuka_kr6_description:${AMENT_PREFIX_PATH} CMAKE_PREFIX_PATH=/home/robotik/Desktop/kuka_ws/install/kuka_kr6_description:/opt/ros/jazzy/opt/gz_sim_vendor:/opt/ros/jazzy/opt/gz_sensors_vendor:/opt/ros/jazzy/opt/gz_physics_vendor:/opt/ros/jazzy/opt/sdformat_vendor:/opt/ros/jazzy/opt/gz_gui_vendor:/opt/ros/jazzy/opt/gz_transport_vendor:/opt/ros/jazzy/opt/gz_rendering_vendor:/opt/ros/jazzy/opt/gz_plugin_vendor:/opt/ros/jazzy/opt/gz_fuel_tools_vendor:/opt/ros/jazzy/opt/gz_msgs_vendor:/opt/ros/jazzy/opt/gz_common_vendor:/opt/ros/jazzy/opt/gz_math_vendor:/opt/ros/jazzy/opt/gz_utils_vendor:/opt/ros/jazzy/opt/gz_tools_vendor:/opt/ros/jazzy/opt/gz_ogre_next_vendor:/opt/ros/jazzy/opt/gz_dartsim_vendor:/opt/ros/jazzy/opt/gz_cmake_vendor:/opt/ros/jazzy DEBUGINFOD_URLS=https://debuginfod.ubuntu.com /usr/bin/cmake --build /home/robotik/Desktop/kuka_ws/build/kuka_kr6_gazebo -- -j16 -l16
[1.226s] DEBUG:colcon.colcon_core.event_handler.log_command:Invoking command in '/home/robotik/Desktop/kuka_ws/build/kuka_kr6_gazebo': AMENT_PREFIX_PATH=/home/robotik/Desktop/kuka_ws/install/kuka_kr6_description:${AMENT_PREFIX_PATH} CMAKE_PREFIX_PATH=/home/robotik/Desktop/kuka_ws/install/kuka_kr6_description:/opt/ros/jazzy/opt/gz_sim_vendor:/opt/ros/jazzy/opt/gz_sensors_vendor:/opt/ros/jazzy/opt/gz_physics_vendor:/opt/ros/jazzy/opt/sdformat_vendor:/opt/ros/jazzy/opt/gz_gui_vendor:/opt/ros/jazzy/opt/gz_transport_vendor:/opt/ros/jazzy/opt/gz_rendering_vendor:/opt/ros/jazzy/opt/gz_plugin_vendor:/opt/ros/jazzy/opt/gz_fuel_tools_vendor:/opt/ros/jazzy/opt/gz_msgs_vendor:/opt/ros/jazzy/opt/gz_common_vendor:/opt/ros/jazzy/opt/gz_math_vendor:/opt/ros/jazzy/opt/gz_utils_vendor:/opt/ros/jazzy/opt/gz_tools_vendor:/opt/ros/jazzy/opt/gz_ogre_next_vendor:/opt/ros/jazzy/opt/gz_dartsim_vendor:/opt/ros/jazzy/opt/gz_cmake_vendor:/opt/ros/jazzy DEBUGINFOD_URLS=https://debuginfod.ubuntu.com /usr/bin/cmake --install /home/robotik/Desktop/kuka_ws/build/kuka_kr6_gazebo
[1.233s] Level 1:colcon.colcon_core.environment:create_environment_scripts_only(kuka_kr6_gazebo)
[1.233s] Level 1:colcon.colcon_core.environment:checking '/home/robotik/Desktop/kuka_ws/install/kuka_kr6_gazebo' for CMake module files
[1.234s] Level 1:colcon.colcon_core.environment:checking '/home/robotik/Desktop/kuka_ws/install/kuka_kr6_gazebo' for CMake config files
[1.234s] DEBUG:colcon.colcon_core.event_handler.log_command:Invoked command in '/home/robotik/Desktop/kuka_ws/build/kuka_kr6_gazebo' returned '0': AMENT_PREFIX_PATH=/home/robotik/Desktop/kuka_ws/install/kuka_kr6_description:${AMENT_PREFIX_PATH} CMAKE_PREFIX_PATH=/home/robotik/Desktop/kuka_ws/install/kuka_kr6_description:/opt/ros/jazzy/opt/gz_sim_vendor:/opt/ros/jazzy/opt/gz_sensors_vendor:/opt/ros/jazzy/opt/gz_physics_vendor:/opt/ros/jazzy/opt/sdformat_vendor:/opt/ros/jazzy/opt/gz_gui_vendor:/opt/ros/jazzy/opt/gz_transport_vendor:/opt/ros/jazzy/opt/gz_rendering_vendor:/opt/ros/jazzy/opt/gz_plugin_vendor:/opt/ros/jazzy/opt/gz_fuel_tools_vendor:/opt/ros/jazzy/opt/gz_msgs_vendor:/opt/ros/jazzy/opt/gz_common_vendor:/opt/ros/jazzy/opt/gz_math_vendor:/opt/ros/jazzy/opt/gz_utils_vendor:/opt/ros/jazzy/opt/gz_tools_vendor:/opt/ros/jazzy/opt/gz_ogre_next_vendor:/opt/ros/jazzy/opt/gz_dartsim_vendor:/opt/ros/jazzy/opt/gz_cmake_vendor:/opt/ros/jazzy DEBUGINFOD_URLS=https://debuginfod.ubuntu.com /usr/bin/cmake --install /home/robotik/Desktop/kuka_ws/build/kuka_kr6_gazebo
[1.234s] Level 1:colcon.colcon_core.shell:create_environment_hook('kuka_kr6_gazebo', 'cmake_prefix_path')
[1.234s] INFO:colcon.colcon_core.shell:Creating environment hook '/home/robotik/Desktop/kuka_ws/install/kuka_kr6_gazebo/share/kuka_kr6_gazebo/hook/cmake_prefix_path.ps1'
[1.234s] INFO:colcon.colcon_core.shell:Creating environment descriptor '/home/robotik/Desktop/kuka_ws/install/kuka_kr6_gazebo/share/kuka_kr6_gazebo/hook/cmake_prefix_path.dsv'
[1.235s] INFO:colcon.colcon_core.shell:Creating environment hook '/home/robotik/Desktop/kuka_ws/install/kuka_kr6_gazebo/share/kuka_kr6_gazebo/hook/cmake_prefix_path.sh'
[1.235s] Level 1:colcon.colcon_core.environment:checking '/home/robotik/Desktop/kuka_ws/install/kuka_kr6_gazebo/bin'
[1.235s] Level 1:colcon.colcon_core.environment:checking '/home/robotik/Desktop/kuka_ws/install/kuka_kr6_gazebo/lib/pkgconfig/kuka_kr6_gazebo.pc'
[1.235s] Level 1:colcon.colcon_core.environment:checking '/home/robotik/Desktop/kuka_ws/install/kuka_kr6_gazebo/lib/python3.12/site-packages'
[1.235s] Level 1:colcon.colcon_core.environment:checking '/home/robotik/Desktop/kuka_ws/install/kuka_kr6_gazebo/bin'
[1.236s] INFO:colcon.colcon_core.shell:Creating package script '/home/robotik/Desktop/kuka_ws/install/kuka_kr6_gazebo/share/kuka_kr6_gazebo/package.ps1'
[1.236s] INFO:colcon.colcon_core.shell:Creating package descriptor '/home/robotik/Desktop/kuka_ws/install/kuka_kr6_gazebo/share/kuka_kr6_gazebo/package.dsv'
[1.236s] INFO:colcon.colcon_core.shell:Creating package script '/home/robotik/Desktop/kuka_ws/install/kuka_kr6_gazebo/share/kuka_kr6_gazebo/package.sh'
[1.236s] INFO:colcon.colcon_core.shell:Creating package script '/home/robotik/Desktop/kuka_ws/install/kuka_kr6_gazebo/share/kuka_kr6_gazebo/package.bash'
[1.237s] INFO:colcon.colcon_core.shell:Creating package script '/home/robotik/Desktop/kuka_ws/install/kuka_kr6_gazebo/share/kuka_kr6_gazebo/package.zsh'
[1.237s] Level 1:colcon.colcon_core.environment:create_file_with_runtime_dependencies(/home/robotik/Desktop/kuka_ws/install/kuka_kr6_gazebo/share/colcon-core/packages/kuka_kr6_gazebo)
[1.237s] Level 1:colcon.colcon_core.environment:create_environment_scripts_only(kuka_kr6_gazebo)
[1.237s] Level 1:colcon.colcon_core.environment:checking '/home/robotik/Desktop/kuka_ws/install/kuka_kr6_gazebo' for CMake module files
[1.237s] Level 1:colcon.colcon_core.environment:checking '/home/robotik/Desktop/kuka_ws/install/kuka_kr6_gazebo' for CMake config files
[1.237s] Level 1:colcon.colcon_core.shell:create_environment_hook('kuka_kr6_gazebo', 'cmake_prefix_path')
[1.238s] INFO:colcon.colcon_core.shell:Creating environment hook '/home/robotik/Desktop/kuka_ws/install/kuka_kr6_gazebo/share/kuka_kr6_gazebo/hook/cmake_prefix_path.ps1'
[1.238s] INFO:colcon.colcon_core.shell:Creating environment descriptor '/home/robotik/Desktop/kuka_ws/install/kuka_kr6_gazebo/share/kuka_kr6_gazebo/hook/cmake_prefix_path.dsv'
[1.238s] INFO:colcon.colcon_core.shell:Creating environment hook '/home/robotik/Desktop/kuka_ws/install/kuka_kr6_gazebo/share/kuka_kr6_gazebo/hook/cmake_prefix_path.sh'
[1.238s] Level 1:colcon.colcon_core.environment:checking '/home/robotik/Desktop/kuka_ws/install/kuka_kr6_gazebo/bin'
[1.238s] Level 1:colcon.colcon_core.environment:checking '/home/robotik/Desktop/kuka_ws/install/kuka_kr6_gazebo/lib/pkgconfig/kuka_kr6_gazebo.pc'
[1.239s] Level 1:colcon.colcon_core.environment:checking '/home/robotik/Desktop/kuka_ws/install/kuka_kr6_gazebo/lib/python3.12/site-packages'
[1.239s] Level 1:colcon.colcon_core.environment:checking '/home/robotik/Desktop/kuka_ws/install/kuka_kr6_gazebo/bin'
[1.239s] INFO:colcon.colcon_core.shell:Creating package script '/home/robotik/Desktop/kuka_ws/install/kuka_kr6_gazebo/share/kuka_kr6_gazebo/package.ps1'
[1.239s] INFO:colcon.colcon_core.shell:Creating package descriptor '/home/robotik/Desktop/kuka_ws/install/kuka_kr6_gazebo/share/kuka_kr6_gazebo/package.dsv'
[1.239s] INFO:colcon.colcon_core.shell:Creating package script '/home/robotik/Desktop/kuka_ws/install/kuka_kr6_gazebo/share/kuka_kr6_gazebo/package.sh'
[1.240s] INFO:colcon.colcon_core.shell:Creating package script '/home/robotik/Desktop/kuka_ws/install/kuka_kr6_gazebo/share/kuka_kr6_gazebo/package.bash'
[1.240s] INFO:colcon.colcon_core.shell:Creating package script '/home/robotik/Desktop/kuka_ws/install/kuka_kr6_gazebo/share/kuka_kr6_gazebo/package.zsh'
[1.240s] Level 1:colcon.colcon_core.environment:create_file_with_runtime_dependencies(/home/robotik/Desktop/kuka_ws/install/kuka_kr6_gazebo/share/colcon-core/packages/kuka_kr6_gazebo)
[1.240s] Level 1:colcon.colcon_core.environment:create_environment_scripts_only(kuka_kr6_moveit)
[1.240s] Level 1:colcon.colcon_core.environment:checking '/home/robotik/Desktop/kuka_ws/install/kuka_kr6_moveit' for CMake module files
[1.241s] Level 1:colcon.colcon_core.environment:checking '/home/robotik/Desktop/kuka_ws/install/kuka_kr6_moveit' for CMake config files
[1.241s] DEBUG:colcon.colcon_core.event_handler.log_command:Invoked command in '/home/robotik/Desktop/kuka_ws/build/kuka_kr6_moveit' returned '0': AMENT_PREFIX_PATH=/home/robotik/Desktop/kuka_ws/install/kuka_kr6_description:${AMENT_PREFIX_PATH} CMAKE_PREFIX_PATH=/home/robotik/Desktop/kuka_ws/install/kuka_kr6_description:/opt/ros/jazzy/opt/gz_sim_vendor:/opt/ros/jazzy/opt/gz_sensors_vendor:/opt/ros/jazzy/opt/gz_physics_vendor:/opt/ros/jazzy/opt/sdformat_vendor:/opt/ros/jazzy/opt/gz_gui_vendor:/opt/ros/jazzy/opt/gz_transport_vendor:/opt/ros/jazzy/opt/gz_rendering_vendor:/opt/ros/jazzy/opt/gz_plugin_vendor:/opt/ros/jazzy/opt/gz_fuel_tools_vendor:/opt/ros/jazzy/opt/gz_msgs_vendor:/opt/ros/jazzy/opt/gz_common_vendor:/opt/ros/jazzy/opt/gz_math_vendor:/opt/ros/jazzy/opt/gz_utils_vendor:/opt/ros/jazzy/opt/gz_tools_vendor:/opt/ros/jazzy/opt/gz_ogre_next_vendor:/opt/ros/jazzy/opt/gz_dartsim_vendor:/opt/ros/jazzy/opt/gz_cmake_vendor:/opt/ros/jazzy DEBUGINFOD_URLS=https://debuginfod.ubuntu.com /usr/bin/cmake --install /home/robotik/Desktop/kuka_ws/build/kuka_kr6_moveit
[1.241s] Level 1:colcon.colcon_core.shell:create_environment_hook('kuka_kr6_moveit', 'cmake_prefix_path')
[1.241s] INFO:colcon.colcon_core.shell:Creating environment hook '/home/robotik/Desktop/kuka_ws/install/kuka_kr6_moveit/share/kuka_kr6_moveit/hook/cmake_prefix_path.ps1'
[1.242s] INFO:colcon.colcon_core.shell:Creating environment descriptor '/home/robotik/Desktop/kuka_ws/install/kuka_kr6_moveit/share/kuka_kr6_moveit/hook/cmake_prefix_path.dsv'
[1.242s] INFO:colcon.colcon_core.shell:Creating environment hook '/home/robotik/Desktop/kuka_ws/install/kuka_kr6_moveit/share/kuka_kr6_moveit/hook/cmake_prefix_path.sh'
[1.242s] Level 1:colcon.colcon_core.environment:checking '/home/robotik/Desktop/kuka_ws/install/kuka_kr6_moveit/bin'
[1.242s] Level 1:colcon.colcon_core.environment:checking '/home/robotik/Desktop/kuka_ws/install/kuka_kr6_moveit/lib/pkgconfig/kuka_kr6_moveit.pc'
[1.242s] Level 1:colcon.colcon_core.environment:checking '/home/robotik/Desktop/kuka_ws/install/kuka_kr6_moveit/lib/python3.12/site-packages'
[1.243s] Level 1:colcon.colcon_core.environment:checking '/home/robotik/Desktop/kuka_ws/install/kuka_kr6_moveit/bin'
[1.243s] INFO:colcon.colcon_core.shell:Creating package script '/home/robotik/Desktop/kuka_ws/install/kuka_kr6_moveit/share/kuka_kr6_moveit/package.ps1'
[1.243s] INFO:colcon.colcon_core.shell:Creating package descriptor '/home/robotik/Desktop/kuka_ws/install/kuka_kr6_moveit/share/kuka_kr6_moveit/package.dsv'
[1.243s] INFO:colcon.colcon_core.shell:Creating package script '/home/robotik/Desktop/kuka_ws/install/kuka_kr6_moveit/share/kuka_kr6_moveit/package.sh'
[1.244s] INFO:colcon.colcon_core.shell:Creating package script '/home/robotik/Desktop/kuka_ws/install/kuka_kr6_moveit/share/kuka_kr6_moveit/package.bash'
[1.244s] INFO:colcon.colcon_core.shell:Creating package script '/home/robotik/Desktop/kuka_ws/install/kuka_kr6_moveit/share/kuka_kr6_moveit/package.zsh'
[1.244s] Level 1:colcon.colcon_core.environment:create_file_with_runtime_dependencies(/home/robotik/Desktop/kuka_ws/install/kuka_kr6_moveit/share/colcon-core/packages/kuka_kr6_moveit)
[1.245s] Level 1:colcon.colcon_core.environment:create_environment_scripts_only(kuka_kr6_moveit)
[1.245s] Level 1:colcon.colcon_core.environment:checking '/home/robotik/Desktop/kuka_ws/install/kuka_kr6_moveit' for CMake module files
[1.245s] Level 1:colcon.colcon_core.environment:checking '/home/robotik/Desktop/kuka_ws/install/kuka_kr6_moveit' for CMake config files
[1.245s] Level 1:colcon.colcon_core.shell:create_environment_hook('kuka_kr6_moveit', 'cmake_prefix_path')
[1.245s] INFO:colcon.colcon_core.shell:Creating environment hook '/home/robotik/Desktop/kuka_ws/install/kuka_kr6_moveit/share/kuka_kr6_moveit/hook/cmake_prefix_path.ps1'
[1.245s] INFO:colcon.colcon_core.shell:Creating environment descriptor '/home/robotik/Desktop/kuka_ws/install/kuka_kr6_moveit/share/kuka_kr6_moveit/hook/cmake_prefix_path.dsv'
[1.246s] INFO:colcon.colcon_core.shell:Creating environment hook '/home/robotik/Desktop/kuka_ws/install/kuka_kr6_moveit/share/kuka_kr6_moveit/hook/cmake_prefix_path.sh'
[1.246s] Level 1:colcon.colcon_core.environment:checking '/home/robotik/Desktop/kuka_ws/install/kuka_kr6_moveit/bin'
[1.246s] Level 1:colcon.colcon_core.environment:checking '/home/robotik/Desktop/kuka_ws/install/kuka_kr6_moveit/lib/pkgconfig/kuka_kr6_moveit.pc'
[1.246s] Level 1:colcon.colcon_core.environment:checking '/home/robotik/Desktop/kuka_ws/install/kuka_kr6_moveit/lib/python3.12/site-packages'
[1.246s] Level 1:colcon.colcon_core.environment:checking '/home/robotik/Desktop/kuka_ws/install/kuka_kr6_moveit/bin'
[1.246s] INFO:colcon.colcon_core.shell:Creating package script '/home/robotik/Desktop/kuka_ws/install/kuka_kr6_moveit/share/kuka_kr6_moveit/package.ps1'
[1.247s] INFO:colcon.colcon_core.shell:Creating package descriptor '/home/robotik/Desktop/kuka_ws/install/kuka_kr6_moveit/share/kuka_kr6_moveit/package.dsv'
[1.247s] INFO:colcon.colcon_core.shell:Creating package script '/home/robotik/Desktop/kuka_ws/install/kuka_kr6_moveit/share/kuka_kr6_moveit/package.sh'
[1.247s] INFO:colcon.colcon_core.shell:Creating package script '/home/robotik/Desktop/kuka_ws/install/kuka_kr6_moveit/share/kuka_kr6_moveit/package.bash'
[1.248s] INFO:colcon.colcon_core.shell:Creating package script '/home/robotik/Desktop/kuka_ws/install/kuka_kr6_moveit/share/kuka_kr6_moveit/package.zsh'
[1.248s] Level 1:colcon.colcon_core.environment:create_file_with_runtime_dependencies(/home/robotik/Desktop/kuka_ws/install/kuka_kr6_moveit/share/colcon-core/packages/kuka_kr6_moveit)
[1.248s] DEBUG:colcon.colcon_parallel_executor.executor.parallel:closing loop
[1.248s] DEBUG:colcon.colcon_parallel_executor.executor.parallel:loop closed
[1.248s] DEBUG:colcon.colcon_parallel_executor.executor.parallel:run_until_complete finished with '0'
[1.248s] DEBUG:colcon.colcon_core.event_reactor:joining thread
[1.252s] INFO:colcon.colcon_core.plugin_system:Skipping extension 'colcon_notification.desktop_notification.terminal_notifier': Not used on non-Darwin systems
[1.252s] INFO:colcon.colcon_core.plugin_system:Skipping extension 'colcon_notification.desktop_notification.win32': Not used on non-Windows systems
[1.252s] INFO:colcon.colcon_notification.desktop_notification:Sending desktop notification using 'notify2'
[1.262s] DEBUG:colcon.colcon_core.event_reactor:joined thread
[1.262s] INFO:colcon.colcon_core.shell:Creating prefix script '/home/robotik/Desktop/kuka_ws/install/local_setup.ps1'
[1.263s] INFO:colcon.colcon_core.shell:Creating prefix util module '/home/robotik/Desktop/kuka_ws/install/_local_setup_util_ps1.py'
[1.263s] INFO:colcon.colcon_core.shell:Creating prefix chain script '/home/robotik/Desktop/kuka_ws/install/setup.ps1'
[1.264s] INFO:colcon.colcon_core.shell:Creating prefix script '/home/robotik/Desktop/kuka_ws/install/local_setup.sh'
[1.264s] INFO:colcon.colcon_core.shell:Creating prefix util module '/home/robotik/Desktop/kuka_ws/install/_local_setup_util_sh.py'
[1.265s] INFO:colcon.colcon_core.shell:Creating prefix chain script '/home/robotik/Desktop/kuka_ws/install/setup.sh'
[1.265s] INFO:colcon.colcon_core.shell:Creating prefix script '/home/robotik/Desktop/kuka_ws/install/local_setup.bash'
[1.265s] INFO:colcon.colcon_core.shell:Creating prefix chain script '/home/robotik/Desktop/kuka_ws/install/setup.bash'
[1.266s] INFO:colcon.colcon_core.shell:Creating prefix script '/home/robotik/Desktop/kuka_ws/install/local_setup.zsh'
[1.266s] INFO:colcon.colcon_core.shell:Creating prefix chain script '/home/robotik/Desktop/kuka_ws/install/setup.zsh'
