-- The C compiler identification is GNU 13.3.0
-- The CXX compiler identification is GNU 13.3.0
-- Detecting C compiler ABI info
-- Detecting C compiler ABI info - done
-- Check for working C compiler: /usr/bin/cc - skipped
-- Detecting C compile features
-- Detecting C compile features - done
-- Detecting CXX compiler ABI info
-- Detecting CXX compiler ABI info - done
-- Check for working CXX compiler: /usr/bin/c++ - skipped
-- Detecting CXX compile features
-- Detecting CXX compile features - done
-- Found ament_cmake: 2.5.4 (/opt/ros/jazzy/share/ament_cmake/cmake)
-- Found Python3: /usr/bin/python3 (found version "3.12.3") found components: Interpreter 
-- Override CMake install command with custom implementation using symlinks instead of copying resources
-- Configuring done (0.5s)
-- Generating done (0.0s)
-- Build files have been written to: /home/robotik/Desktop/kuka_ws/src/build/kuka_kr6_description
-- Install configuration: ""
-- Execute custom install script
-- Symlinking: /home/robotik/Desktop/kuka_ws/src/install/kuka_kr6_description/share/kuka_kr6_description/urdf/kuka_kr6.ros2_control.xacro
-- Symlinking: /home/robotik/Desktop/kuka_ws/src/install/kuka_kr6_description/share/kuka_kr6_description/urdf/kuka_kr6.urdf.xacro
-- Symlinking: /home/robotik/Desktop/kuka_ws/src/install/kuka_kr6_description/share/kuka_kr6_description/meshes/collision/base_link.stl
-- Symlinking: /home/robotik/Desktop/kuka_ws/src/install/kuka_kr6_description/share/kuka_kr6_description/meshes/collision/link_1.stl
-- Symlinking: /home/robotik/Desktop/kuka_ws/src/install/kuka_kr6_description/share/kuka_kr6_description/meshes/collision/link_2.stl
-- Symlinking: /home/robotik/Desktop/kuka_ws/src/install/kuka_kr6_description/share/kuka_kr6_description/meshes/collision/link_3.stl
-- Symlinking: /home/robotik/Desktop/kuka_ws/src/install/kuka_kr6_description/share/kuka_kr6_description/meshes/collision/link_4.stl
-- Symlinking: /home/robotik/Desktop/kuka_ws/src/install/kuka_kr6_description/share/kuka_kr6_description/meshes/collision/link_5.stl
-- Symlinking: /home/robotik/Desktop/kuka_ws/src/install/kuka_kr6_description/share/kuka_kr6_description/meshes/collision/link_6.stl
-- Symlinking: /home/robotik/Desktop/kuka_ws/src/install/kuka_kr6_description/share/kuka_kr6_description/meshes/visual/base_link.dae
-- Symlinking: /home/robotik/Desktop/kuka_ws/src/install/kuka_kr6_description/share/kuka_kr6_description/meshes/visual/link_1.dae
-- Symlinking: /home/robotik/Desktop/kuka_ws/src/install/kuka_kr6_description/share/kuka_kr6_description/meshes/visual/link_2.dae
-- Symlinking: /home/robotik/Desktop/kuka_ws/src/install/kuka_kr6_description/share/kuka_kr6_description/meshes/visual/link_3.dae
-- Symlinking: /home/robotik/Desktop/kuka_ws/src/install/kuka_kr6_description/share/kuka_kr6_description/meshes/visual/link_4.dae
-- Symlinking: /home/robotik/Desktop/kuka_ws/src/install/kuka_kr6_description/share/kuka_kr6_description/meshes/visual/link_5.dae
-- Symlinking: /home/robotik/Desktop/kuka_ws/src/install/kuka_kr6_description/share/kuka_kr6_description/meshes/visual/link_6.dae
-- Symlinking: /home/robotik/Desktop/kuka_ws/src/install/kuka_kr6_description/share/kuka_kr6_description/config/ros2_controllers.yaml
-- Symlinking: /home/robotik/Desktop/kuka_ws/src/install/kuka_kr6_description/share/kuka_kr6_description/launch/display.launch.py
-- Symlinking: /home/robotik/Desktop/kuka_ws/src/install/kuka_kr6_description/share/kuka_kr6_description/rviz/display.rviz
-- Symlinking: /home/robotik/Desktop/kuka_ws/src/install/kuka_kr6_description/share/ament_index/resource_index/package_run_dependencies/kuka_kr6_description
-- Symlinking: /home/robotik/Desktop/kuka_ws/src/install/kuka_kr6_description/share/ament_index/resource_index/parent_prefix_path/kuka_kr6_description
-- Symlinking: /home/robotik/Desktop/kuka_ws/src/install/kuka_kr6_description/share/kuka_kr6_description/environment/ament_prefix_path.sh
-- Symlinking: /home/robotik/Desktop/kuka_ws/src/install/kuka_kr6_description/share/kuka_kr6_description/environment/ament_prefix_path.dsv
-- Symlinking: /home/robotik/Desktop/kuka_ws/src/install/kuka_kr6_description/share/kuka_kr6_description/environment/path.sh
-- Symlinking: /home/robotik/Desktop/kuka_ws/src/install/kuka_kr6_description/share/kuka_kr6_description/environment/path.dsv
-- Symlinking: /home/robotik/Desktop/kuka_ws/src/install/kuka_kr6_description/share/kuka_kr6_description/local_setup.bash
-- Symlinking: /home/robotik/Desktop/kuka_ws/src/install/kuka_kr6_description/share/kuka_kr6_description/local_setup.sh
-- Symlinking: /home/robotik/Desktop/kuka_ws/src/install/kuka_kr6_description/share/kuka_kr6_description/local_setup.zsh
-- Symlinking: /home/robotik/Desktop/kuka_ws/src/install/kuka_kr6_description/share/kuka_kr6_description/local_setup.dsv
-- Symlinking: /home/robotik/Desktop/kuka_ws/src/install/kuka_kr6_description/share/kuka_kr6_description/package.dsv
-- Symlinking: /home/robotik/Desktop/kuka_ws/src/install/kuka_kr6_description/share/ament_index/resource_index/packages/kuka_kr6_description
-- Symlinking: /home/robotik/Desktop/kuka_ws/src/install/kuka_kr6_description/share/kuka_kr6_description/cmake/kuka_kr6_descriptionConfig.cmake
-- Symlinking: /home/robotik/Desktop/kuka_ws/src/install/kuka_kr6_description/share/kuka_kr6_description/cmake/kuka_kr6_descriptionConfig-version.cmake
-- Symlinking: /home/robotik/Desktop/kuka_ws/src/install/kuka_kr6_description/share/kuka_kr6_description/package.xml
