[0.006s] Invoking command in '/home/robotik/Desktop/kuka_ws/build/kuka_kr6_moveit': AMENT_PREFIX_PATH=/home/robotik/Desktop/kuka_ws/install/kuka_kr6_description:${AMENT_PREFIX_PATH} CMAKE_PREFIX_PATH=/home/robotik/Desktop/kuka_ws/install/kuka_kr6_description:/opt/ros/jazzy/opt/gz_sim_vendor:/opt/ros/jazzy/opt/gz_sensors_vendor:/opt/ros/jazzy/opt/gz_physics_vendor:/opt/ros/jazzy/opt/sdformat_vendor:/opt/ros/jazzy/opt/gz_gui_vendor:/opt/ros/jazzy/opt/gz_transport_vendor:/opt/ros/jazzy/opt/gz_rendering_vendor:/opt/ros/jazzy/opt/gz_plugin_vendor:/opt/ros/jazzy/opt/gz_fuel_tools_vendor:/opt/ros/jazzy/opt/gz_msgs_vendor:/opt/ros/jazzy/opt/gz_common_vendor:/opt/ros/jazzy/opt/gz_math_vendor:/opt/ros/jazzy/opt/gz_utils_vendor:/opt/ros/jazzy/opt/gz_tools_vendor:/opt/ros/jazzy/opt/gz_ogre_next_vendor:/opt/ros/jazzy/opt/gz_dartsim_vendor:/opt/ros/jazzy/opt/gz_cmake_vendor:/opt/ros/jazzy DEBUGINFOD_URLS=https://debuginfod.ubuntu.com /usr/bin/cmake /home/robotik/Desktop/kuka_ws/src/kuka_kr6_moveit -DCMAKE_INSTALL_PREFIX=/home/robotik/Desktop/kuka_ws/install/kuka_kr6_moveit
[0.041s] -- The C compiler identification is GNU 13.3.0
[0.081s] -- The CXX compiler identification is GNU 13.3.0
[0.093s] -- Detecting C compiler ABI info
[0.150s] -- Detecting C compiler ABI info - done
[0.159s] -- Check for working C compiler: /usr/bin/cc - skipped
[0.159s] -- Detecting C compile features
[0.160s] -- Detecting C compile features - done
[0.166s] -- Detecting CXX compiler ABI info
[0.231s] -- Detecting CXX compiler ABI info - done
[0.238s] -- Check for working CXX compiler: /usr/bin/c++ - skipped
[0.238s] -- Detecting CXX compile features
[0.238s] -- Detecting CXX compile features - done
[0.241s] -- Found ament_cmake: 2.5.4 (/opt/ros/jazzy/share/ament_cmake/cmake)
[0.343s] -- Found Python3: /usr/bin/python3 (found version "3.12.3") found components: Interpreter 
[0.485s] -- Configuring done (0.5s)
[0.487s] -- Generating done (0.0s)
[0.488s] -- Build files have been written to: /home/robotik/Desktop/kuka_ws/build/kuka_kr6_moveit
[0.493s] Invoked command in '/home/robotik/Desktop/kuka_ws/build/kuka_kr6_moveit' returned '0': AMENT_PREFIX_PATH=/home/robotik/Desktop/kuka_ws/install/kuka_kr6_description:${AMENT_PREFIX_PATH} CMAKE_PREFIX_PATH=/home/robotik/Desktop/kuka_ws/install/kuka_kr6_description:/opt/ros/jazzy/opt/gz_sim_vendor:/opt/ros/jazzy/opt/gz_sensors_vendor:/opt/ros/jazzy/opt/gz_physics_vendor:/opt/ros/jazzy/opt/sdformat_vendor:/opt/ros/jazzy/opt/gz_gui_vendor:/opt/ros/jazzy/opt/gz_transport_vendor:/opt/ros/jazzy/opt/gz_rendering_vendor:/opt/ros/jazzy/opt/gz_plugin_vendor:/opt/ros/jazzy/opt/gz_fuel_tools_vendor:/opt/ros/jazzy/opt/gz_msgs_vendor:/opt/ros/jazzy/opt/gz_common_vendor:/opt/ros/jazzy/opt/gz_math_vendor:/opt/ros/jazzy/opt/gz_utils_vendor:/opt/ros/jazzy/opt/gz_tools_vendor:/opt/ros/jazzy/opt/gz_ogre_next_vendor:/opt/ros/jazzy/opt/gz_dartsim_vendor:/opt/ros/jazzy/opt/gz_cmake_vendor:/opt/ros/jazzy DEBUGINFOD_URLS=https://debuginfod.ubuntu.com /usr/bin/cmake /home/robotik/Desktop/kuka_ws/src/kuka_kr6_moveit -DCMAKE_INSTALL_PREFIX=/home/robotik/Desktop/kuka_ws/install/kuka_kr6_moveit
[0.493s] Invoking command in '/home/robotik/Desktop/kuka_ws/build/kuka_kr6_moveit': AMENT_PREFIX_PATH=/home/robotik/Desktop/kuka_ws/install/kuka_kr6_description:${AMENT_PREFIX_PATH} CMAKE_PREFIX_PATH=/home/robotik/Desktop/kuka_ws/install/kuka_kr6_description:/opt/ros/jazzy/opt/gz_sim_vendor:/opt/ros/jazzy/opt/gz_sensors_vendor:/opt/ros/jazzy/opt/gz_physics_vendor:/opt/ros/jazzy/opt/sdformat_vendor:/opt/ros/jazzy/opt/gz_gui_vendor:/opt/ros/jazzy/opt/gz_transport_vendor:/opt/ros/jazzy/opt/gz_rendering_vendor:/opt/ros/jazzy/opt/gz_plugin_vendor:/opt/ros/jazzy/opt/gz_fuel_tools_vendor:/opt/ros/jazzy/opt/gz_msgs_vendor:/opt/ros/jazzy/opt/gz_common_vendor:/opt/ros/jazzy/opt/gz_math_vendor:/opt/ros/jazzy/opt/gz_utils_vendor:/opt/ros/jazzy/opt/gz_tools_vendor:/opt/ros/jazzy/opt/gz_ogre_next_vendor:/opt/ros/jazzy/opt/gz_dartsim_vendor:/opt/ros/jazzy/opt/gz_cmake_vendor:/opt/ros/jazzy DEBUGINFOD_URLS=https://debuginfod.ubuntu.com /usr/bin/cmake --build /home/robotik/Desktop/kuka_ws/build/kuka_kr6_moveit -- -j16 -l16
[0.519s] Invoked command in '/home/robotik/Desktop/kuka_ws/build/kuka_kr6_moveit' returned '0': AMENT_PREFIX_PATH=/home/robotik/Desktop/kuka_ws/install/kuka_kr6_description:${AMENT_PREFIX_PATH} CMAKE_PREFIX_PATH=/home/robotik/Desktop/kuka_ws/install/kuka_kr6_description:/opt/ros/jazzy/opt/gz_sim_vendor:/opt/ros/jazzy/opt/gz_sensors_vendor:/opt/ros/jazzy/opt/gz_physics_vendor:/opt/ros/jazzy/opt/sdformat_vendor:/opt/ros/jazzy/opt/gz_gui_vendor:/opt/ros/jazzy/opt/gz_transport_vendor:/opt/ros/jazzy/opt/gz_rendering_vendor:/opt/ros/jazzy/opt/gz_plugin_vendor:/opt/ros/jazzy/opt/gz_fuel_tools_vendor:/opt/ros/jazzy/opt/gz_msgs_vendor:/opt/ros/jazzy/opt/gz_common_vendor:/opt/ros/jazzy/opt/gz_math_vendor:/opt/ros/jazzy/opt/gz_utils_vendor:/opt/ros/jazzy/opt/gz_tools_vendor:/opt/ros/jazzy/opt/gz_ogre_next_vendor:/opt/ros/jazzy/opt/gz_dartsim_vendor:/opt/ros/jazzy/opt/gz_cmake_vendor:/opt/ros/jazzy DEBUGINFOD_URLS=https://debuginfod.ubuntu.com /usr/bin/cmake --build /home/robotik/Desktop/kuka_ws/build/kuka_kr6_moveit -- -j16 -l16
[0.520s] Invoking command in '/home/robotik/Desktop/kuka_ws/build/kuka_kr6_moveit': AMENT_PREFIX_PATH=/home/robotik/Desktop/kuka_ws/install/kuka_kr6_description:${AMENT_PREFIX_PATH} CMAKE_PREFIX_PATH=/home/robotik/Desktop/kuka_ws/install/kuka_kr6_description:/opt/ros/jazzy/opt/gz_sim_vendor:/opt/ros/jazzy/opt/gz_sensors_vendor:/opt/ros/jazzy/opt/gz_physics_vendor:/opt/ros/jazzy/opt/sdformat_vendor:/opt/ros/jazzy/opt/gz_gui_vendor:/opt/ros/jazzy/opt/gz_transport_vendor:/opt/ros/jazzy/opt/gz_rendering_vendor:/opt/ros/jazzy/opt/gz_plugin_vendor:/opt/ros/jazzy/opt/gz_fuel_tools_vendor:/opt/ros/jazzy/opt/gz_msgs_vendor:/opt/ros/jazzy/opt/gz_common_vendor:/opt/ros/jazzy/opt/gz_math_vendor:/opt/ros/jazzy/opt/gz_utils_vendor:/opt/ros/jazzy/opt/gz_tools_vendor:/opt/ros/jazzy/opt/gz_ogre_next_vendor:/opt/ros/jazzy/opt/gz_dartsim_vendor:/opt/ros/jazzy/opt/gz_cmake_vendor:/opt/ros/jazzy DEBUGINFOD_URLS=https://debuginfod.ubuntu.com /usr/bin/cmake --install /home/robotik/Desktop/kuka_ws/build/kuka_kr6_moveit
[0.525s] -- Install configuration: ""
[0.525s] -- Installing: /home/robotik/Desktop/kuka_ws/install/kuka_kr6_moveit/share/kuka_kr6_moveit/launch
[0.525s] -- Installing: /home/robotik/Desktop/kuka_ws/install/kuka_kr6_moveit/share/kuka_kr6_moveit/launch/moveit.launch.py
[0.525s] -- Installing: /home/robotik/Desktop/kuka_ws/install/kuka_kr6_moveit/share/kuka_kr6_moveit/config
[0.525s] -- Installing: /home/robotik/Desktop/kuka_ws/install/kuka_kr6_moveit/share/kuka_kr6_moveit/config/moveit_controllers.yaml
[0.525s] -- Installing: /home/robotik/Desktop/kuka_ws/install/kuka_kr6_moveit/share/kuka_kr6_moveit/config/ompl_planning.yaml
[0.526s] -- Installing: /home/robotik/Desktop/kuka_ws/install/kuka_kr6_moveit/share/kuka_kr6_moveit/config/kuka_kr6.srdf
[0.526s] -- Installing: /home/robotik/Desktop/kuka_ws/install/kuka_kr6_moveit/share/kuka_kr6_moveit/config/kinematics.yaml
[0.526s] -- Installing: /home/robotik/Desktop/kuka_ws/install/kuka_kr6_moveit/share/kuka_kr6_moveit/config/joint_limits.yaml
[0.526s] -- Installing: /home/robotik/Desktop/kuka_ws/install/kuka_kr6_moveit/share/kuka_kr6_moveit/config/moveit.rviz
[0.526s] -- Installing: /home/robotik/Desktop/kuka_ws/install/kuka_kr6_moveit/share/ament_index/resource_index/package_run_dependencies/kuka_kr6_moveit
[0.526s] -- Installing: /home/robotik/Desktop/kuka_ws/install/kuka_kr6_moveit/share/ament_index/resource_index/parent_prefix_path/kuka_kr6_moveit
[0.526s] -- Installing: /home/robotik/Desktop/kuka_ws/install/kuka_kr6_moveit/share/kuka_kr6_moveit/environment/ament_prefix_path.sh
[0.526s] -- Installing: /home/robotik/Desktop/kuka_ws/install/kuka_kr6_moveit/share/kuka_kr6_moveit/environment/ament_prefix_path.dsv
[0.527s] -- Installing: /home/robotik/Desktop/kuka_ws/install/kuka_kr6_moveit/share/kuka_kr6_moveit/environment/path.sh
[0.527s] -- Installing: /home/robotik/Desktop/kuka_ws/install/kuka_kr6_moveit/share/kuka_kr6_moveit/environment/path.dsv
[0.527s] -- Installing: /home/robotik/Desktop/kuka_ws/install/kuka_kr6_moveit/share/kuka_kr6_moveit/local_setup.bash
[0.527s] -- Installing: /home/robotik/Desktop/kuka_ws/install/kuka_kr6_moveit/share/kuka_kr6_moveit/local_setup.sh
[0.527s] -- Installing: /home/robotik/Desktop/kuka_ws/install/kuka_kr6_moveit/share/kuka_kr6_moveit/local_setup.zsh
[0.527s] -- Installing: /home/robotik/Desktop/kuka_ws/install/kuka_kr6_moveit/share/kuka_kr6_moveit/local_setup.dsv
[0.527s] -- Installing: /home/robotik/Desktop/kuka_ws/install/kuka_kr6_moveit/share/kuka_kr6_moveit/package.dsv
[0.528s] -- Installing: /home/robotik/Desktop/kuka_ws/install/kuka_kr6_moveit/share/ament_index/resource_index/packages/kuka_kr6_moveit
[0.528s] -- Installing: /home/robotik/Desktop/kuka_ws/install/kuka_kr6_moveit/share/kuka_kr6_moveit/cmake/kuka_kr6_moveitConfig.cmake
[0.529s] -- Installing: /home/robotik/Desktop/kuka_ws/install/kuka_kr6_moveit/share/kuka_kr6_moveit/cmake/kuka_kr6_moveitConfig-version.cmake
[0.529s] -- Installing: /home/robotik/Desktop/kuka_ws/install/kuka_kr6_moveit/share/kuka_kr6_moveit/package.xml
[0.536s] Invoked command in '/home/robotik/Desktop/kuka_ws/build/kuka_kr6_moveit' returned '0': AMENT_PREFIX_PATH=/home/robotik/Desktop/kuka_ws/install/kuka_kr6_description:${AMENT_PREFIX_PATH} CMAKE_PREFIX_PATH=/home/robotik/Desktop/kuka_ws/install/kuka_kr6_description:/opt/ros/jazzy/opt/gz_sim_vendor:/opt/ros/jazzy/opt/gz_sensors_vendor:/opt/ros/jazzy/opt/gz_physics_vendor:/opt/ros/jazzy/opt/sdformat_vendor:/opt/ros/jazzy/opt/gz_gui_vendor:/opt/ros/jazzy/opt/gz_transport_vendor:/opt/ros/jazzy/opt/gz_rendering_vendor:/opt/ros/jazzy/opt/gz_plugin_vendor:/opt/ros/jazzy/opt/gz_fuel_tools_vendor:/opt/ros/jazzy/opt/gz_msgs_vendor:/opt/ros/jazzy/opt/gz_common_vendor:/opt/ros/jazzy/opt/gz_math_vendor:/opt/ros/jazzy/opt/gz_utils_vendor:/opt/ros/jazzy/opt/gz_tools_vendor:/opt/ros/jazzy/opt/gz_ogre_next_vendor:/opt/ros/jazzy/opt/gz_dartsim_vendor:/opt/ros/jazzy/opt/gz_cmake_vendor:/opt/ros/jazzy DEBUGINFOD_URLS=https://debuginfod.ubuntu.com /usr/bin/cmake --install /home/robotik/Desktop/kuka_ws/build/kuka_kr6_moveit
